2019-04-01 00:47:27.413  INFO 32990 --- [restartedMain] com.ssns.SsnsApplication                 : Starting SsnsApplication on gimseonghun-ui-MacBook-Pro.local with PID 32990 (/Users/gimseonghun/Documents/ssns/server/out/production/classes started by gimseonghun in /Users/gimseonghun/Documents/ssns/server)
2019-04-01 00:47:27.432  INFO 32990 --- [restartedMain] com.ssns.SsnsApplication                 : The following profiles are active: local
2019-04-01 00:47:27.557  INFO 32990 --- [restartedMain] .e.DevToolsPropertyDefaultsPostProcessor : Devtools property defaults active! Set 'spring.devtools.add-properties' to 'false' to disable
2019-04-01 00:47:27.557  INFO 32990 --- [restartedMain] .e.DevToolsPropertyDefaultsPostProcessor : For additional web related logging consider setting the 'logging.level.web' property to 'DEBUG'
2019-04-01 00:47:28.685  INFO 32990 --- [restartedMain] .s.d.r.c.RepositoryConfigurationDelegate : Bootstrapping Spring Data repositories in DEFAULT mode.
2019-04-01 00:47:28.761  INFO 32990 --- [restartedMain] .s.d.r.c.RepositoryConfigurationDelegate : Finished Spring Data repository scanning in 66ms. Found 1 repository interfaces.
2019-04-01 00:47:29.276  INFO 32990 --- [restartedMain] trationDelegate$BeanPostProcessorChecker : Bean 'org.springframework.transaction.annotation.ProxyTransactionManagementConfiguration' of type [org.springframework.transaction.annotation.ProxyTransactionManagementConfiguration$$EnhancerBySpringCGLIB$$c900890e] is not eligible for getting processed by all BeanPostProcessors (for example: not eligible for auto-proxying)
2019-04-01 00:47:29.728  INFO 32990 --- [restartedMain] o.s.b.w.embedded.tomcat.TomcatWebServer  : Tomcat initialized with port(s): 8080 (http)
2019-04-01 00:47:29.757  INFO 32990 --- [restartedMain] o.apache.catalina.core.StandardService   : Starting service [Tomcat]
2019-04-01 00:47:29.757  INFO 32990 --- [restartedMain] org.apache.catalina.core.StandardEngine  : Starting Servlet engine: [Apache Tomcat/9.0.16]
2019-04-01 00:47:29.766  INFO 32990 --- [restartedMain] o.a.catalina.core.AprLifecycleListener   : The APR based Apache Tomcat Native library which allows optimal performance in production environments was not found on the java.library.path: [/Users/gimseonghun/Library/Java/Extensions:/Library/Java/Extensions:/Network/Library/Java/Extensions:/System/Library/Java/Extensions:/usr/lib/java:.]
2019-04-01 00:47:29.913  INFO 32990 --- [restartedMain] o.a.c.c.C.[Tomcat].[localhost].[/]       : Initializing Spring embedded WebApplicationContext
2019-04-01 00:47:29.913 DEBUG 32990 --- [restartedMain] o.s.web.context.ContextLoader            : Published root WebApplicationContext as ServletContext attribute with name [org.springframework.web.context.WebApplicationContext.ROOT]
2019-04-01 00:47:29.913  INFO 32990 --- [restartedMain] o.s.web.context.ContextLoader            : Root WebApplicationContext: initialization completed in 2352 ms
2019-04-01 00:47:30.161  INFO 32990 --- [restartedMain] com.zaxxer.hikari.HikariDataSource       : HikariPool-1 - Starting...
2019-04-01 00:47:30.400  INFO 32990 --- [restartedMain] com.zaxxer.hikari.HikariDataSource       : HikariPool-1 - Start completed.
2019-04-01 00:47:30.457  INFO 32990 --- [restartedMain] o.hibernate.jpa.internal.util.LogHelper  : HHH000204: Processing PersistenceUnitInfo [
	name: default
	...]
2019-04-01 00:47:30.549  INFO 32990 --- [restartedMain] org.hibernate.Version                    : HHH000412: Hibernate Core {5.3.7.Final}
2019-04-01 00:47:30.551  INFO 32990 --- [restartedMain] org.hibernate.cfg.Environment            : HHH000206: hibernate.properties not found
2019-04-01 00:47:30.776  INFO 32990 --- [restartedMain] o.hibernate.annotations.common.Version   : HCANN000001: Hibernate Commons Annotations {5.0.4.Final}
2019-04-01 00:47:30.952  INFO 32990 --- [restartedMain] org.hibernate.dialect.Dialect            : HHH000400: Using dialect: org.hibernate.dialect.MySQL5InnoDBDialect
2019-04-01 00:47:31.767  INFO 32990 --- [restartedMain] o.h.t.schema.internal.SchemaCreatorImpl  : HHH000476: Executing import script 'org.hibernate.tool.schema.internal.exec.ScriptSourceInputNonExistentImpl@7645513a'
2019-04-01 00:47:31.772  INFO 32990 --- [restartedMain] j.LocalContainerEntityManagerFactoryBean : Initialized JPA EntityManagerFactory for persistence unit 'default'
2019-04-01 00:47:31.825  INFO 32990 --- [restartedMain] o.s.b.d.a.OptionalLiveReloadServer       : LiveReload server is running on port 35729
2019-04-01 00:47:32.306 DEBUG 32990 --- [restartedMain] o.s.w.s.handler.SimpleUrlHandlerMapping  : Patterns [/**/favicon.ico] in 'faviconHandlerMapping'
2019-04-01 00:47:32.470  INFO 32990 --- [restartedMain] o.s.s.concurrent.ThreadPoolTaskExecutor  : Initializing ExecutorService 'applicationTaskExecutor'
2019-04-01 00:47:32.482 DEBUG 32990 --- [restartedMain] s.w.s.m.m.a.RequestMappingHandlerAdapter : ControllerAdvice beans: 0 @ModelAttribute, 0 @InitBinder, 1 RequestBodyAdvice, 1 ResponseBodyAdvice
2019-04-01 00:47:32.517  WARN 32990 --- [restartedMain] aWebConfiguration$JpaWebMvcConfiguration : spring.jpa.open-in-view is enabled by default. Therefore, database queries may be performed during view rendering. Explicitly configure spring.jpa.open-in-view to disable this warning
2019-04-01 00:47:32.565 DEBUG 32990 --- [restartedMain] s.w.s.m.m.a.RequestMappingHandlerMapping : 8 mappings in 'requestMappingHandlerMapping'
2019-04-01 00:47:32.578 DEBUG 32990 --- [restartedMain] o.s.w.s.handler.SimpleUrlHandlerMapping  : Patterns [/webjars/**, /**] in 'resourceHandlerMapping'
2019-04-01 00:47:32.588 DEBUG 32990 --- [restartedMain] .m.m.a.ExceptionHandlerExceptionResolver : ControllerAdvice beans: 0 @ExceptionHandler, 1 ResponseBodyAdvice
2019-04-01 00:47:32.806  INFO 32990 --- [restartedMain] o.s.b.w.embedded.tomcat.TomcatWebServer  : Tomcat started on port(s): 8080 (http) with context path ''
2019-04-01 00:47:32.810  INFO 32990 --- [restartedMain] com.ssns.SsnsApplication                 : Started SsnsApplication in 6.501 seconds (JVM running for 7.757)
2019-04-01 00:47:41.161  INFO 32990 --- [http-nio-8080-exec-1] o.a.c.c.C.[Tomcat].[localhost].[/]       : Initializing Spring DispatcherServlet 'dispatcherServlet'
2019-04-01 00:47:41.169  INFO 32990 --- [http-nio-8080-exec-1] o.s.web.servlet.DispatcherServlet        : Initializing Servlet 'dispatcherServlet'
2019-04-01 00:47:41.170 DEBUG 32990 --- [http-nio-8080-exec-1] o.s.web.servlet.DispatcherServlet        : Detected StandardServletMultipartResolver
2019-04-01 00:47:41.184 DEBUG 32990 --- [http-nio-8080-exec-1] o.s.web.servlet.DispatcherServlet        : enableLoggingRequestDetails='false': request parameters and headers will be masked to prevent unsafe logging of potentially sensitive data
2019-04-01 00:47:41.185  INFO 32990 --- [http-nio-8080-exec-1] o.s.web.servlet.DispatcherServlet        : Completed initialization in 15 ms
2019-04-01 00:47:41.196 DEBUG 32990 --- [http-nio-8080-exec-1] o.s.web.servlet.DispatcherServlet        : GET "/", parameters={}
2019-04-01 00:47:41.202 DEBUG 32990 --- [http-nio-8080-exec-1] s.w.s.m.m.a.RequestMappingHandlerMapping : Mapped to public java.lang.String com.ssns.Accounts.AccountController.test()
2019-04-01 00:47:41.236 DEBUG 32990 --- [http-nio-8080-exec-1] m.m.a.RequestResponseBodyMethodProcessor : Using 'text/html', given [text/html, application/xhtml+xml, image/webp, image/apng, application/signed-exchange;v=b3, application/xml;q=0.9, */*;q=0.8] and supported [text/plain, */*, text/plain, */*, application/json, application/*+json, application/json, application/*+json]
2019-04-01 00:47:41.238 DEBUG 32990 --- [http-nio-8080-exec-1] m.m.a.RequestResponseBodyMethodProcessor : Writing ["test page"]
2019-04-01 00:47:41.251 DEBUG 32990 --- [http-nio-8080-exec-1] o.s.web.servlet.DispatcherServlet        : Completed 200 OK
2019-04-01 00:54:11.211  INFO 32990 --- [Thread-17] o.s.s.concurrent.ThreadPoolTaskExecutor  : Shutting down ExecutorService 'applicationTaskExecutor'
2019-04-01 00:54:11.213  INFO 32990 --- [Thread-17] j.LocalContainerEntityManagerFactoryBean : Closing JPA EntityManagerFactory for persistence unit 'default'
2019-04-01 00:54:11.213  INFO 32990 --- [Thread-17] .SchemaDropperImpl$DelayedDropActionImpl : HHH000477: Starting delayed evictData of schema as part of SessionFactory shut-down'
2019-04-01 00:54:11.229  INFO 32990 --- [Thread-17] o.s.b.f.support.DisposableBeanAdapter    : Invocation of destroy method failed on bean with name 'inMemoryDatabaseShutdownExecutor': org.h2.jdbc.JdbcSQLException: Database is already closed (to disable automatic closing at VM shutdown, add ";DB_CLOSE_ON_EXIT=FALSE" to the db URL) [90121-197]
2019-04-01 00:54:11.230  INFO 32990 --- [Thread-17] com.zaxxer.hikari.HikariDataSource       : HikariPool-1 - Shutdown initiated...
2019-04-01 00:54:11.244  INFO 32990 --- [Thread-17] com.zaxxer.hikari.HikariDataSource       : HikariPool-1 - Shutdown completed.
2019-04-01 00:54:11.592  INFO 32990 --- [restartedMain] com.ssns.SsnsApplication                 : Starting SsnsApplication on gimseonghun-ui-MacBook-Pro.local with PID 32990 (/Users/gimseonghun/Documents/ssns/server/out/production/classes started by gimseonghun in /Users/gimseonghun/Documents/ssns/server)
2019-04-01 00:54:11.593  INFO 32990 --- [restartedMain] com.ssns.SsnsApplication                 : The following profiles are active: local
2019-04-01 00:54:12.025  INFO 32990 --- [restartedMain] .s.d.r.c.RepositoryConfigurationDelegate : Bootstrapping Spring Data repositories in DEFAULT mode.
2019-04-01 00:54:12.036  INFO 32990 --- [restartedMain] .s.d.r.c.RepositoryConfigurationDelegate : Finished Spring Data repository scanning in 10ms. Found 1 repository interfaces.
2019-04-01 00:54:12.108  INFO 32990 --- [restartedMain] trationDelegate$BeanPostProcessorChecker : Bean 'org.springframework.transaction.annotation.ProxyTransactionManagementConfiguration' of type [org.springframework.transaction.annotation.ProxyTransactionManagementConfiguration$$EnhancerBySpringCGLIB$$c900890e] is not eligible for getting processed by all BeanPostProcessors (for example: not eligible for auto-proxying)
2019-04-01 00:54:12.203  INFO 32990 --- [restartedMain] o.s.b.w.embedded.tomcat.TomcatWebServer  : Tomcat initialized with port(s): 8080 (http)
2019-04-01 00:54:12.207  INFO 32990 --- [restartedMain] o.apache.catalina.core.StandardService   : Starting service [Tomcat]
2019-04-01 00:54:12.208  INFO 32990 --- [restartedMain] org.apache.catalina.core.StandardEngine  : Starting Servlet engine: [Apache Tomcat/9.0.16]
2019-04-01 00:54:12.267  INFO 32990 --- [restartedMain] o.a.c.c.C.[Tomcat].[localhost].[/]       : Initializing Spring embedded WebApplicationContext
2019-04-01 00:54:12.267 DEBUG 32990 --- [restartedMain] o.s.web.context.ContextLoader            : Published root WebApplicationContext as ServletContext attribute with name [org.springframework.web.context.WebApplicationContext.ROOT]
2019-04-01 00:54:12.267  INFO 32990 --- [restartedMain] o.s.web.context.ContextLoader            : Root WebApplicationContext: initialization completed in 671 ms
2019-04-01 00:54:12.395  INFO 32990 --- [restartedMain] com.zaxxer.hikari.HikariDataSource       : HikariPool-2 - Starting...
2019-04-01 00:54:12.397  INFO 32990 --- [restartedMain] com.zaxxer.hikari.HikariDataSource       : HikariPool-2 - Start completed.
2019-04-01 00:54:12.405  INFO 32990 --- [restartedMain] o.hibernate.jpa.internal.util.LogHelper  : HHH000204: Processing PersistenceUnitInfo [
	name: default
	...]
2019-04-01 00:54:12.417  INFO 32990 --- [restartedMain] org.hibernate.dialect.Dialect            : HHH000400: Using dialect: org.hibernate.dialect.MySQL5InnoDBDialect
2019-04-01 00:54:12.544  INFO 32990 --- [restartedMain] o.h.t.schema.internal.SchemaCreatorImpl  : HHH000476: Executing import script 'org.hibernate.tool.schema.internal.exec.ScriptSourceInputNonExistentImpl@7645513a'
2019-04-01 00:54:12.545  INFO 32990 --- [restartedMain] j.LocalContainerEntityManagerFactoryBean : Initialized JPA EntityManagerFactory for persistence unit 'default'
2019-04-01 00:54:12.615  INFO 32990 --- [restartedMain] o.s.b.d.a.OptionalLiveReloadServer       : LiveReload server is running on port 35729
2019-04-01 00:54:12.731 DEBUG 32990 --- [restartedMain] o.s.w.s.handler.SimpleUrlHandlerMapping  : Patterns [/**/favicon.ico] in 'faviconHandlerMapping'
2019-04-01 00:54:12.868  INFO 32990 --- [restartedMain] o.s.s.concurrent.ThreadPoolTaskExecutor  : Initializing ExecutorService 'applicationTaskExecutor'
2019-04-01 00:54:12.876 DEBUG 32990 --- [restartedMain] s.w.s.m.m.a.RequestMappingHandlerAdapter : ControllerAdvice beans: 0 @ModelAttribute, 0 @InitBinder, 1 RequestBodyAdvice, 1 ResponseBodyAdvice
2019-04-01 00:54:12.879  WARN 32990 --- [restartedMain] aWebConfiguration$JpaWebMvcConfiguration : spring.jpa.open-in-view is enabled by default. Therefore, database queries may be performed during view rendering. Explicitly configure spring.jpa.open-in-view to disable this warning
2019-04-01 00:54:12.899 DEBUG 32990 --- [restartedMain] s.w.s.m.m.a.RequestMappingHandlerMapping : 8 mappings in 'requestMappingHandlerMapping'
2019-04-01 00:54:12.913 DEBUG 32990 --- [restartedMain] o.s.w.s.handler.SimpleUrlHandlerMapping  : Patterns [/webjars/**, /**] in 'resourceHandlerMapping'
2019-04-01 00:54:12.927 DEBUG 32990 --- [restartedMain] .m.m.a.ExceptionHandlerExceptionResolver : ControllerAdvice beans: 0 @ExceptionHandler, 1 ResponseBodyAdvice
2019-04-01 00:54:13.031  INFO 32990 --- [restartedMain] o.s.b.w.embedded.tomcat.TomcatWebServer  : Tomcat started on port(s): 8080 (http) with context path ''
2019-04-01 00:54:13.035  INFO 32990 --- [restartedMain] com.ssns.SsnsApplication                 : Started SsnsApplication in 1.501 seconds (JVM running for 407.958)
2019-04-01 00:54:13.068  INFO 32990 --- [restartedMain] .ConditionEvaluationDeltaLoggingListener : Condition evaluation unchanged
2019-04-01 00:54:17.069  INFO 33586 --- [main] com.ssns.AccountControllerTest           : Starting AccountControllerTest on gimseonghun-ui-MacBook-Pro.local with PID 33586 (started by gimseonghun in /Users/gimseonghun/Documents/ssns/server)
2019-04-01 00:54:17.080  INFO 33586 --- [main] com.ssns.AccountControllerTest           : The following profiles are active: local
2019-04-01 00:54:17.149 DEBUG 33586 --- [main] o.s.w.c.s.GenericWebApplicationContext   : Refreshing org.springframework.web.context.support.GenericWebApplicationContext@2f666ebb
2019-04-01 00:54:18.744  INFO 33586 --- [main] .s.d.r.c.RepositoryConfigurationDelegate : Bootstrapping Spring Data repositories in DEFAULT mode.
2019-04-01 00:54:18.895  INFO 33586 --- [main] .s.d.r.c.RepositoryConfigurationDelegate : Finished Spring Data repository scanning in 103ms. Found 1 repository interfaces.
2019-04-01 00:54:19.621  INFO 33586 --- [main] trationDelegate$BeanPostProcessorChecker : Bean 'org.springframework.transaction.annotation.ProxyTransactionManagementConfiguration' of type [org.springframework.transaction.annotation.ProxyTransactionManagementConfiguration$$EnhancerBySpringCGLIB$$1a2ee268] is not eligible for getting processed by all BeanPostProcessors (for example: not eligible for auto-proxying)
2019-04-01 00:54:20.003  INFO 33586 --- [main] com.zaxxer.hikari.HikariDataSource       : HikariPool-1 - Starting...
2019-04-01 00:54:20.333  INFO 33586 --- [main] com.zaxxer.hikari.HikariDataSource       : HikariPool-1 - Start completed.
2019-04-01 00:54:20.424  INFO 33586 --- [main] o.hibernate.jpa.internal.util.LogHelper  : HHH000204: Processing PersistenceUnitInfo [
	name: default
	...]
2019-04-01 00:54:20.508  INFO 33586 --- [main] org.hibernate.Version                    : HHH000412: Hibernate Core {5.3.7.Final}
2019-04-01 00:54:20.510  INFO 33586 --- [main] org.hibernate.cfg.Environment            : HHH000206: hibernate.properties not found
2019-04-01 00:54:20.742  INFO 33586 --- [main] o.hibernate.annotations.common.Version   : HCANN000001: Hibernate Commons Annotations {5.0.4.Final}
2019-04-01 00:54:20.965  INFO 33586 --- [main] org.hibernate.dialect.Dialect            : HHH000400: Using dialect: org.hibernate.dialect.MySQL5InnoDBDialect
2019-04-01 00:54:22.044  INFO 33586 --- [main] o.h.t.schema.internal.SchemaCreatorImpl  : HHH000476: Executing import script 'org.hibernate.tool.schema.internal.exec.ScriptSourceInputNonExistentImpl@1e6060f1'
2019-04-01 00:54:22.051  INFO 33586 --- [main] j.LocalContainerEntityManagerFactoryBean : Initialized JPA EntityManagerFactory for persistence unit 'default'
2019-04-01 00:54:23.102 DEBUG 33586 --- [main] o.s.w.s.handler.SimpleUrlHandlerMapping  : Patterns [/**/favicon.ico] in 'faviconHandlerMapping'
2019-04-01 00:54:23.597  INFO 33586 --- [main] o.s.s.concurrent.ThreadPoolTaskExecutor  : Initializing ExecutorService 'applicationTaskExecutor'
2019-04-01 00:54:23.618 DEBUG 33586 --- [main] s.w.s.m.m.a.RequestMappingHandlerAdapter : ControllerAdvice beans: 0 @ModelAttribute, 0 @InitBinder, 1 RequestBodyAdvice, 1 ResponseBodyAdvice
2019-04-01 00:54:23.683  WARN 33586 --- [main] aWebConfiguration$JpaWebMvcConfiguration : spring.jpa.open-in-view is enabled by default. Therefore, database queries may be performed during view rendering. Explicitly configure spring.jpa.open-in-view to disable this warning
2019-04-01 00:54:23.757 DEBUG 33586 --- [main] s.w.s.m.m.a.RequestMappingHandlerMapping : 8 mappings in 'requestMappingHandlerMapping'
2019-04-01 00:54:23.801 DEBUG 33586 --- [main] o.s.w.s.handler.SimpleUrlHandlerMapping  : Patterns [/webjars/**, /**] in 'resourceHandlerMapping'
2019-04-01 00:54:23.828 DEBUG 33586 --- [main] .m.m.a.ExceptionHandlerExceptionResolver : ControllerAdvice beans: 0 @ExceptionHandler, 1 ResponseBodyAdvice
2019-04-01 00:54:24.469  INFO 33586 --- [main] com.ssns.AccountControllerTest           : Started AccountControllerTest in 8.616 seconds (JVM running for 10.481)
2019-04-01 00:54:24.516  INFO 33586 --- [main] o.s.t.c.transaction.TransactionContext   : Began transaction (1) for test context [DefaultTestContext@6302bbb1 testClass = AccountControllerTest, testInstance = com.ssns.AccountControllerTest@6e46891d, testMethod = deleteAccount@AccountControllerTest, testException = [null], mergedContextConfiguration = [WebMergedContextConfiguration@31304f14 testClass = AccountControllerTest, locations = '{}', classes = '{class com.ssns.SsnsApplication}', contextInitializerClasses = '[]', activeProfiles = '{}', propertySourceLocations = '{}', propertySourceProperties = '{org.springframework.boot.test.context.SpringBootTestContextBootstrapper=true}', contextCustomizers = set[org.springframework.boot.test.autoconfigure.properties.PropertyMappingContextCustomizer@0, org.springframework.boot.test.autoconfigure.web.servlet.WebDriverContextCustomizerFactory$Customizer@27808f31, org.springframework.boot.test.context.filter.ExcludeFilterContextCustomizer@2c039ac6, org.springframework.boot.test.json.DuplicateJsonObjectContextCustomizerFactory$DuplicateJsonObjectContextCustomizer@6b57696f, org.springframework.boot.test.mock.mockito.MockitoContextCustomizer@0, org.springframework.boot.test.web.client.TestRestTemplateContextCustomizer@371a67ec, org.springframework.test.context.web.socket.MockServerContainerContextCustomizer@7a3d45bd], resourceBasePath = 'src/main/webapp', contextLoader = 'org.springframework.boot.test.context.SpringBootContextLoader', parent = [null]], attributes = map['org.springframework.test.context.web.ServletTestExecutionListener.activateListener' -> true, 'org.springframework.test.context.web.ServletTestExecutionListener.populatedRequestContextHolder' -> true, 'org.springframework.test.context.web.ServletTestExecutionListener.resetRequestContextHolder' -> true]]; transaction manager [org.springframework.orm.jpa.JpaTransactionManager@37cfda1c]; rollback [true]
2019-04-01 00:54:24.611  INFO 33586 --- [main] o.s.b.t.m.w.SpringBootMockServletContext : Initializing Spring TestDispatcherServlet ''
2019-04-01 00:54:24.611  INFO 33586 --- [main] o.s.t.web.servlet.TestDispatcherServlet  : Initializing Servlet ''
2019-04-01 00:54:24.632  INFO 33586 --- [main] o.s.t.web.servlet.TestDispatcherServlet  : Completed initialization in 20 ms
2019-04-01 00:54:24.724  INFO 33586 --- [main] o.h.h.i.QueryTranslatorFactoryInitiator  : HHH000397: Using ASTQueryTranslatorFactory
2019-04-01 00:54:25.167 DEBUG 33586 --- [main] s.w.s.m.m.a.RequestMappingHandlerMapping : Mapped to public org.springframework.http.ResponseEntity com.ssns.Accounts.AccountController.deleteAccount(java.lang.Long)
2019-04-01 00:54:25.234 DEBUG 33586 --- [main] o.s.w.s.m.m.a.HttpEntityMethodProcessor  : No match for [*/*], supported: []
2019-04-01 00:54:25.267  INFO 33586 --- [main] o.s.t.c.transaction.TransactionContext   : Rolled back transaction for test: [DefaultTestContext@6302bbb1 testClass = AccountControllerTest, testInstance = com.ssns.AccountControllerTest@6e46891d, testMethod = deleteAccount@AccountControllerTest, testException = [null], mergedContextConfiguration = [WebMergedContextConfiguration@31304f14 testClass = AccountControllerTest, locations = '{}', classes = '{class com.ssns.SsnsApplication}', contextInitializerClasses = '[]', activeProfiles = '{}', propertySourceLocations = '{}', propertySourceProperties = '{org.springframework.boot.test.context.SpringBootTestContextBootstrapper=true}', contextCustomizers = set[org.springframework.boot.test.autoconfigure.properties.PropertyMappingContextCustomizer@0, org.springframework.boot.test.autoconfigure.web.servlet.WebDriverContextCustomizerFactory$Customizer@27808f31, org.springframework.boot.test.context.filter.ExcludeFilterContextCustomizer@2c039ac6, org.springframework.boot.test.json.DuplicateJsonObjectContextCustomizerFactory$DuplicateJsonObjectContextCustomizer@6b57696f, org.springframework.boot.test.mock.mockito.MockitoContextCustomizer@0, org.springframework.boot.test.web.client.TestRestTemplateContextCustomizer@371a67ec, org.springframework.test.context.web.socket.MockServerContainerContextCustomizer@7a3d45bd], resourceBasePath = 'src/main/webapp', contextLoader = 'org.springframework.boot.test.context.SpringBootContextLoader', parent = [null]], attributes = map['org.springframework.test.context.web.ServletTestExecutionListener.activateListener' -> true, 'org.springframework.test.context.web.ServletTestExecutionListener.populatedRequestContextHolder' -> true, 'org.springframework.test.context.web.ServletTestExecutionListener.resetRequestContextHolder' -> true]]
2019-04-01 00:54:25.275  INFO 33586 --- [main] o.s.t.c.transaction.TransactionContext   : Began transaction (1) for test context [DefaultTestContext@6302bbb1 testClass = AccountControllerTest, testInstance = com.ssns.AccountControllerTest@3129299f, testMethod = getAccount@AccountControllerTest, testException = [null], mergedContextConfiguration = [WebMergedContextConfiguration@31304f14 testClass = AccountControllerTest, locations = '{}', classes = '{class com.ssns.SsnsApplication}', contextInitializerClasses = '[]', activeProfiles = '{}', propertySourceLocations = '{}', propertySourceProperties = '{org.springframework.boot.test.context.SpringBootTestContextBootstrapper=true}', contextCustomizers = set[org.springframework.boot.test.autoconfigure.properties.PropertyMappingContextCustomizer@0, org.springframework.boot.test.autoconfigure.web.servlet.WebDriverContextCustomizerFactory$Customizer@27808f31, org.springframework.boot.test.context.filter.ExcludeFilterContextCustomizer@2c039ac6, org.springframework.boot.test.json.DuplicateJsonObjectContextCustomizerFactory$DuplicateJsonObjectContextCustomizer@6b57696f, org.springframework.boot.test.mock.mockito.MockitoContextCustomizer@0, org.springframework.boot.test.web.client.TestRestTemplateContextCustomizer@371a67ec, org.springframework.test.context.web.socket.MockServerContainerContextCustomizer@7a3d45bd], resourceBasePath = 'src/main/webapp', contextLoader = 'org.springframework.boot.test.context.SpringBootContextLoader', parent = [null]], attributes = map['org.springframework.test.context.web.ServletTestExecutionListener.activateListener' -> true, 'org.springframework.test.context.web.ServletTestExecutionListener.populatedRequestContextHolder' -> true, 'org.springframework.test.context.web.ServletTestExecutionListener.resetRequestContextHolder' -> true]]; transaction manager [org.springframework.orm.jpa.JpaTransactionManager@37cfda1c]; rollback [true]
2019-04-01 00:54:25.283  INFO 33586 --- [main] o.s.b.t.m.w.SpringBootMockServletContext : Initializing Spring TestDispatcherServlet ''
2019-04-01 00:54:25.285  INFO 33586 --- [main] o.s.t.web.servlet.TestDispatcherServlet  : Initializing Servlet ''
2019-04-01 00:54:25.301  INFO 33586 --- [main] o.s.t.web.servlet.TestDispatcherServlet  : Completed initialization in 15 ms
2019-04-01 00:54:25.306 DEBUG 33586 --- [main] s.w.s.m.m.a.RequestMappingHandlerMapping : Mapped to public com.ssns.Accounts.AccountDto$Respose com.ssns.Accounts.AccountController.getAccount(java.lang.Long)
2019-04-01 00:54:25.375 DEBUG 33586 --- [main] m.m.a.RequestResponseBodyMethodProcessor : Using 'application/json', given [*/*] and supported [application/json, application/*+json, application/json, application/*+json]
2019-04-01 00:54:25.377 DEBUG 33586 --- [main] m.m.a.RequestResponseBodyMethodProcessor : Writing [AccountDto.Respose(email=seonghun, name=kim, createdDate=2019-04-01T00:54:25.304, modifiedDate=2019- (truncated)...]
2019-04-01 00:54:25.425  INFO 33586 --- [main] o.s.t.c.transaction.TransactionContext   : Rolled back transaction for test: [DefaultTestContext@6302bbb1 testClass = AccountControllerTest, testInstance = com.ssns.AccountControllerTest@3129299f, testMethod = getAccount@AccountControllerTest, testException = [null], mergedContextConfiguration = [WebMergedContextConfiguration@31304f14 testClass = AccountControllerTest, locations = '{}', classes = '{class com.ssns.SsnsApplication}', contextInitializerClasses = '[]', activeProfiles = '{}', propertySourceLocations = '{}', propertySourceProperties = '{org.springframework.boot.test.context.SpringBootTestContextBootstrapper=true}', contextCustomizers = set[org.springframework.boot.test.autoconfigure.properties.PropertyMappingContextCustomizer@0, org.springframework.boot.test.autoconfigure.web.servlet.WebDriverContextCustomizerFactory$Customizer@27808f31, org.springframework.boot.test.context.filter.ExcludeFilterContextCustomizer@2c039ac6, org.springframework.boot.test.json.DuplicateJsonObjectContextCustomizerFactory$DuplicateJsonObjectContextCustomizer@6b57696f, org.springframework.boot.test.mock.mockito.MockitoContextCustomizer@0, org.springframework.boot.test.web.client.TestRestTemplateContextCustomizer@371a67ec, org.springframework.test.context.web.socket.MockServerContainerContextCustomizer@7a3d45bd], resourceBasePath = 'src/main/webapp', contextLoader = 'org.springframework.boot.test.context.SpringBootContextLoader', parent = [null]], attributes = map['org.springframework.test.context.web.ServletTestExecutionListener.activateListener' -> true, 'org.springframework.test.context.web.ServletTestExecutionListener.populatedRequestContextHolder' -> true, 'org.springframework.test.context.web.ServletTestExecutionListener.resetRequestContextHolder' -> true]]
2019-04-01 00:54:25.440  INFO 33586 --- [main] o.s.t.c.transaction.TransactionContext   : Began transaction (1) for test context [DefaultTestContext@6302bbb1 testClass = AccountControllerTest, testInstance = com.ssns.AccountControllerTest@1a139347, testMethod = getAccounts@AccountControllerTest, testException = [null], mergedContextConfiguration = [WebMergedContextConfiguration@31304f14 testClass = AccountControllerTest, locations = '{}', classes = '{class com.ssns.SsnsApplication}', contextInitializerClasses = '[]', activeProfiles = '{}', propertySourceLocations = '{}', propertySourceProperties = '{org.springframework.boot.test.context.SpringBootTestContextBootstrapper=true}', contextCustomizers = set[org.springframework.boot.test.autoconfigure.properties.PropertyMappingContextCustomizer@0, org.springframework.boot.test.autoconfigure.web.servlet.WebDriverContextCustomizerFactory$Customizer@27808f31, org.springframework.boot.test.context.filter.ExcludeFilterContextCustomizer@2c039ac6, org.springframework.boot.test.json.DuplicateJsonObjectContextCustomizerFactory$DuplicateJsonObjectContextCustomizer@6b57696f, org.springframework.boot.test.mock.mockito.MockitoContextCustomizer@0, org.springframework.boot.test.web.client.TestRestTemplateContextCustomizer@371a67ec, org.springframework.test.context.web.socket.MockServerContainerContextCustomizer@7a3d45bd], resourceBasePath = 'src/main/webapp', contextLoader = 'org.springframework.boot.test.context.SpringBootContextLoader', parent = [null]], attributes = map['org.springframework.test.context.web.ServletTestExecutionListener.activateListener' -> true, 'org.springframework.test.context.web.ServletTestExecutionListener.populatedRequestContextHolder' -> true, 'org.springframework.test.context.web.ServletTestExecutionListener.resetRequestContextHolder' -> true]]; transaction manager [org.springframework.orm.jpa.JpaTransactionManager@37cfda1c]; rollback [true]
2019-04-01 00:54:25.443  INFO 33586 --- [main] o.s.b.t.m.w.SpringBootMockServletContext : Initializing Spring TestDispatcherServlet ''
2019-04-01 00:54:25.445  INFO 33586 --- [main] o.s.t.web.servlet.TestDispatcherServlet  : Initializing Servlet ''
2019-04-01 00:54:25.451  INFO 33586 --- [main] o.s.t.web.servlet.TestDispatcherServlet  : Completed initialization in 5 ms
2019-04-01 00:54:25.455 DEBUG 33586 --- [main] s.w.s.m.m.a.RequestMappingHandlerMapping : Mapped to public org.springframework.data.domain.PageImpl com.ssns.Accounts.AccountController.getAccounts(org.springframework.data.domain.Pageable)
2019-04-01 00:54:25.479 DEBUG 33586 --- [main] m.m.a.RequestResponseBodyMethodProcessor : Using 'application/json', given [*/*] and supported [application/json, application/*+json, application/json, application/*+json]
2019-04-01 00:54:25.480 DEBUG 33586 --- [main] m.m.a.RequestResponseBodyMethodProcessor : Writing [Page 1 of 1 containing com.ssns.Accounts.AccountDto$Respose instances]
2019-04-01 00:54:25.514  INFO 33586 --- [main] o.s.t.c.transaction.TransactionContext   : Rolled back transaction for test: [DefaultTestContext@6302bbb1 testClass = AccountControllerTest, testInstance = com.ssns.AccountControllerTest@1a139347, testMethod = getAccounts@AccountControllerTest, testException = [null], mergedContextConfiguration = [WebMergedContextConfiguration@31304f14 testClass = AccountControllerTest, locations = '{}', classes = '{class com.ssns.SsnsApplication}', contextInitializerClasses = '[]', activeProfiles = '{}', propertySourceLocations = '{}', propertySourceProperties = '{org.springframework.boot.test.context.SpringBootTestContextBootstrapper=true}', contextCustomizers = set[org.springframework.boot.test.autoconfigure.properties.PropertyMappingContextCustomizer@0, org.springframework.boot.test.autoconfigure.web.servlet.WebDriverContextCustomizerFactory$Customizer@27808f31, org.springframework.boot.test.context.filter.ExcludeFilterContextCustomizer@2c039ac6, org.springframework.boot.test.json.DuplicateJsonObjectContextCustomizerFactory$DuplicateJsonObjectContextCustomizer@6b57696f, org.springframework.boot.test.mock.mockito.MockitoContextCustomizer@0, org.springframework.boot.test.web.client.TestRestTemplateContextCustomizer@371a67ec, org.springframework.test.context.web.socket.MockServerContainerContextCustomizer@7a3d45bd], resourceBasePath = 'src/main/webapp', contextLoader = 'org.springframework.boot.test.context.SpringBootContextLoader', parent = [null]], attributes = map['org.springframework.test.context.web.ServletTestExecutionListener.activateListener' -> true, 'org.springframework.test.context.web.ServletTestExecutionListener.populatedRequestContextHolder' -> true, 'org.springframework.test.context.web.ServletTestExecutionListener.resetRequestContextHolder' -> true]]
2019-04-01 00:54:25.532  INFO 33586 --- [main] o.s.t.c.transaction.TransactionContext   : Began transaction (1) for test context [DefaultTestContext@6302bbb1 testClass = AccountControllerTest, testInstance = com.ssns.AccountControllerTest@4e5364a3, testMethod = createAccount@AccountControllerTest, testException = [null], mergedContextConfiguration = [WebMergedContextConfiguration@31304f14 testClass = AccountControllerTest, locations = '{}', classes = '{class com.ssns.SsnsApplication}', contextInitializerClasses = '[]', activeProfiles = '{}', propertySourceLocations = '{}', propertySourceProperties = '{org.springframework.boot.test.context.SpringBootTestContextBootstrapper=true}', contextCustomizers = set[org.springframework.boot.test.autoconfigure.properties.PropertyMappingContextCustomizer@0, org.springframework.boot.test.autoconfigure.web.servlet.WebDriverContextCustomizerFactory$Customizer@27808f31, org.springframework.boot.test.context.filter.ExcludeFilterContextCustomizer@2c039ac6, org.springframework.boot.test.json.DuplicateJsonObjectContextCustomizerFactory$DuplicateJsonObjectContextCustomizer@6b57696f, org.springframework.boot.test.mock.mockito.MockitoContextCustomizer@0, org.springframework.boot.test.web.client.TestRestTemplateContextCustomizer@371a67ec, org.springframework.test.context.web.socket.MockServerContainerContextCustomizer@7a3d45bd], resourceBasePath = 'src/main/webapp', contextLoader = 'org.springframework.boot.test.context.SpringBootContextLoader', parent = [null]], attributes = map['org.springframework.test.context.web.ServletTestExecutionListener.activateListener' -> true, 'org.springframework.test.context.web.ServletTestExecutionListener.populatedRequestContextHolder' -> true, 'org.springframework.test.context.web.ServletTestExecutionListener.resetRequestContextHolder' -> true]]; transaction manager [org.springframework.orm.jpa.JpaTransactionManager@37cfda1c]; rollback [true]
2019-04-01 00:54:25.535  INFO 33586 --- [main] o.s.b.t.m.w.SpringBootMockServletContext : Initializing Spring TestDispatcherServlet ''
2019-04-01 00:54:25.535  INFO 33586 --- [main] o.s.t.web.servlet.TestDispatcherServlet  : Initializing Servlet ''
2019-04-01 00:54:25.538  INFO 33586 --- [main] o.s.t.web.servlet.TestDispatcherServlet  : Completed initialization in 3 ms
2019-04-01 00:54:25.545 DEBUG 33586 --- [main] s.w.s.m.m.a.RequestMappingHandlerMapping : Mapped to public org.springframework.http.ResponseEntity com.ssns.Accounts.AccountController.createAccount(com.ssns.Accounts.AccountDto$Create,org.springframework.validation.BindingResult)
2019-04-01 00:54:25.577 DEBUG 33586 --- [main] m.m.a.RequestResponseBodyMethodProcessor : Read "application/json" to [AccountDto.Create(email=seonghun, password=1234, name=kim)]
2019-04-01 00:54:25.647 DEBUG 33586 --- [main] o.s.w.s.m.m.a.HttpEntityMethodProcessor  : Using 'application/json', given [*/*] and supported [application/json, application/*+json, application/json, application/*+json]
2019-04-01 00:54:25.648 DEBUG 33586 --- [main] o.s.w.s.m.m.a.HttpEntityMethodProcessor  : Writing [AccountDto.Respose(email=seonghun, name=kim, createdDate=2019-04-01T00:54:25.644, modifiedDate=2019- (truncated)...]
2019-04-01 00:54:25.655 DEBUG 33586 --- [main] s.w.s.m.m.a.RequestMappingHandlerMapping : Mapped to public org.springframework.http.ResponseEntity com.ssns.Accounts.AccountController.createAccount(com.ssns.Accounts.AccountDto$Create,org.springframework.validation.BindingResult)
2019-04-01 00:54:25.656 DEBUG 33586 --- [main] m.m.a.RequestResponseBodyMethodProcessor : Read "application/json" to [AccountDto.Create(email=seonghun, password=1234, name=kim)]
2019-04-01 00:54:25.659 ERROR 33586 --- [main] com.ssns.Accounts.AccountService         : account name is duplicated! seonghun
2019-04-01 00:54:25.664 DEBUG 33586 --- [main] .m.m.a.ExceptionHandlerExceptionResolver : Using @ExceptionHandler public com.ssns.commons.ErrorResponse com.ssns.Accounts.AccountController.handleAccountDuplicatedException(com.ssns.Accounts.AccountDuplicatedException)
2019-04-01 00:54:25.666 DEBUG 33586 --- [main] m.m.a.RequestResponseBodyMethodProcessor : Using 'application/json', given [*/*] and supported [application/json, application/*+json, application/json, application/*+json]
2019-04-01 00:54:25.666 DEBUG 33586 --- [main] m.m.a.RequestResponseBodyMethodProcessor : Writing [ErrorResponse(message=[seonghun] 중복된 이메일입니다., code=duplicated.email.exception)]
2019-04-01 00:54:25.668 DEBUG 33586 --- [main] .m.m.a.ExceptionHandlerExceptionResolver : Resolved [com.ssns.Accounts.AccountDuplicatedException]
2019-04-01 00:54:25.677  INFO 33586 --- [main] o.s.t.c.transaction.TransactionContext   : Rolled back transaction for test: [DefaultTestContext@6302bbb1 testClass = AccountControllerTest, testInstance = com.ssns.AccountControllerTest@4e5364a3, testMethod = createAccount@AccountControllerTest, testException = [null], mergedContextConfiguration = [WebMergedContextConfiguration@31304f14 testClass = AccountControllerTest, locations = '{}', classes = '{class com.ssns.SsnsApplication}', contextInitializerClasses = '[]', activeProfiles = '{}', propertySourceLocations = '{}', propertySourceProperties = '{org.springframework.boot.test.context.SpringBootTestContextBootstrapper=true}', contextCustomizers = set[org.springframework.boot.test.autoconfigure.properties.PropertyMappingContextCustomizer@0, org.springframework.boot.test.autoconfigure.web.servlet.WebDriverContextCustomizerFactory$Customizer@27808f31, org.springframework.boot.test.context.filter.ExcludeFilterContextCustomizer@2c039ac6, org.springframework.boot.test.json.DuplicateJsonObjectContextCustomizerFactory$DuplicateJsonObjectContextCustomizer@6b57696f, org.springframework.boot.test.mock.mockito.MockitoContextCustomizer@0, org.springframework.boot.test.web.client.TestRestTemplateContextCustomizer@371a67ec, org.springframework.test.context.web.socket.MockServerContainerContextCustomizer@7a3d45bd], resourceBasePath = 'src/main/webapp', contextLoader = 'org.springframework.boot.test.context.SpringBootContextLoader', parent = [null]], attributes = map['org.springframework.test.context.web.ServletTestExecutionListener.activateListener' -> true, 'org.springframework.test.context.web.ServletTestExecutionListener.populatedRequestContextHolder' -> true, 'org.springframework.test.context.web.ServletTestExecutionListener.resetRequestContextHolder' -> true]]
2019-04-01 00:54:25.691  INFO 33586 --- [main] o.s.t.c.transaction.TransactionContext   : Began transaction (1) for test context [DefaultTestContext@6302bbb1 testClass = AccountControllerTest, testInstance = com.ssns.AccountControllerTest@2a11ae0b, testMethod = updateAccount@AccountControllerTest, testException = [null], mergedContextConfiguration = [WebMergedContextConfiguration@31304f14 testClass = AccountControllerTest, locations = '{}', classes = '{class com.ssns.SsnsApplication}', contextInitializerClasses = '[]', activeProfiles = '{}', propertySourceLocations = '{}', propertySourceProperties = '{org.springframework.boot.test.context.SpringBootTestContextBootstrapper=true}', contextCustomizers = set[org.springframework.boot.test.autoconfigure.properties.PropertyMappingContextCustomizer@0, org.springframework.boot.test.autoconfigure.web.servlet.WebDriverContextCustomizerFactory$Customizer@27808f31, org.springframework.boot.test.context.filter.ExcludeFilterContextCustomizer@2c039ac6, org.springframework.boot.test.json.DuplicateJsonObjectContextCustomizerFactory$DuplicateJsonObjectContextCustomizer@6b57696f, org.springframework.boot.test.mock.mockito.MockitoContextCustomizer@0, org.springframework.boot.test.web.client.TestRestTemplateContextCustomizer@371a67ec, org.springframework.test.context.web.socket.MockServerContainerContextCustomizer@7a3d45bd], resourceBasePath = 'src/main/webapp', contextLoader = 'org.springframework.boot.test.context.SpringBootContextLoader', parent = [null]], attributes = map['org.springframework.test.context.web.ServletTestExecutionListener.activateListener' -> true, 'org.springframework.test.context.web.ServletTestExecutionListener.populatedRequestContextHolder' -> true, 'org.springframework.test.context.web.ServletTestExecutionListener.resetRequestContextHolder' -> true]]; transaction manager [org.springframework.orm.jpa.JpaTransactionManager@37cfda1c]; rollback [true]
2019-04-01 00:54:25.700  INFO 33586 --- [main] o.s.b.t.m.w.SpringBootMockServletContext : Initializing Spring TestDispatcherServlet ''
2019-04-01 00:54:25.702  INFO 33586 --- [main] o.s.t.web.servlet.TestDispatcherServlet  : Initializing Servlet ''
2019-04-01 00:54:25.706  INFO 33586 --- [main] o.s.t.web.servlet.TestDispatcherServlet  : Completed initialization in 4 ms
2019-04-01 00:54:25.718 DEBUG 33586 --- [main] s.w.s.m.m.a.RequestMappingHandlerMapping : Mapped to public org.springframework.http.ResponseEntity com.ssns.Accounts.AccountController.updateAccount(java.lang.Long,com.ssns.Accounts.AccountDto$Update,org.springframework.validation.BindingResult)
2019-04-01 00:54:25.731 DEBUG 33586 --- [main] m.m.a.RequestResponseBodyMethodProcessor : Read "application/json" to [AccountDto.Update(name=kim seong hoon)]
2019-04-01 00:54:25.771 DEBUG 33586 --- [main] o.s.w.s.m.m.a.HttpEntityMethodProcessor  : Using 'application/json', given [*/*] and supported [application/json, application/*+json, application/json, application/*+json]
2019-04-01 00:54:25.772 DEBUG 33586 --- [main] o.s.w.s.m.m.a.HttpEntityMethodProcessor  : Writing [AccountDto.Respose(email=seonghun, name=kim seong hoon, createdDate=2019-04-01T00:54:25.710, modifie (truncated)...]
2019-04-01 00:54:25.784  INFO 33586 --- [main] o.s.t.c.transaction.TransactionContext   : Rolled back transaction for test: [DefaultTestContext@6302bbb1 testClass = AccountControllerTest, testInstance = com.ssns.AccountControllerTest@2a11ae0b, testMethod = updateAccount@AccountControllerTest, testException = [null], mergedContextConfiguration = [WebMergedContextConfiguration@31304f14 testClass = AccountControllerTest, locations = '{}', classes = '{class com.ssns.SsnsApplication}', contextInitializerClasses = '[]', activeProfiles = '{}', propertySourceLocations = '{}', propertySourceProperties = '{org.springframework.boot.test.context.SpringBootTestContextBootstrapper=true}', contextCustomizers = set[org.springframework.boot.test.autoconfigure.properties.PropertyMappingContextCustomizer@0, org.springframework.boot.test.autoconfigure.web.servlet.WebDriverContextCustomizerFactory$Customizer@27808f31, org.springframework.boot.test.context.filter.ExcludeFilterContextCustomizer@2c039ac6, org.springframework.boot.test.json.DuplicateJsonObjectContextCustomizerFactory$DuplicateJsonObjectContextCustomizer@6b57696f, org.springframework.boot.test.mock.mockito.MockitoContextCustomizer@0, org.springframework.boot.test.web.client.TestRestTemplateContextCustomizer@371a67ec, org.springframework.test.context.web.socket.MockServerContainerContextCustomizer@7a3d45bd], resourceBasePath = 'src/main/webapp', contextLoader = 'org.springframework.boot.test.context.SpringBootContextLoader', parent = [null]], attributes = map['org.springframework.test.context.web.ServletTestExecutionListener.activateListener' -> true, 'org.springframework.test.context.web.ServletTestExecutionListener.populatedRequestContextHolder' -> true, 'org.springframework.test.context.web.ServletTestExecutionListener.resetRequestContextHolder' -> true]]
2019-04-01 00:54:25.799 DEBUG 33586 --- [Thread-4] o.s.w.c.s.GenericWebApplicationContext   : Closing org.springframework.web.context.support.GenericWebApplicationContext@2f666ebb, started on Mon Apr 01 00:54:17 KST 2019
2019-04-01 00:54:25.805  INFO 33586 --- [Thread-4] o.s.s.concurrent.ThreadPoolTaskExecutor  : Shutting down ExecutorService 'applicationTaskExecutor'
2019-04-01 00:54:25.807  INFO 33586 --- [Thread-4] j.LocalContainerEntityManagerFactoryBean : Closing JPA EntityManagerFactory for persistence unit 'default'
2019-04-01 00:54:25.807  INFO 33586 --- [Thread-4] .SchemaDropperImpl$DelayedDropActionImpl : HHH000477: Starting delayed evictData of schema as part of SessionFactory shut-down'
2019-04-01 00:54:25.818  INFO 33586 --- [Thread-4] o.s.b.f.support.DisposableBeanAdapter    : Invocation of destroy method failed on bean with name 'inMemoryDatabaseShutdownExecutor': org.h2.jdbc.JdbcSQLException: Database is already closed (to disable automatic closing at VM shutdown, add ";DB_CLOSE_ON_EXIT=FALSE" to the db URL) [90121-197]
2019-04-01 00:54:25.818  INFO 33586 --- [Thread-4] com.zaxxer.hikari.HikariDataSource       : HikariPool-1 - Shutdown initiated...
2019-04-01 00:54:25.823  INFO 33586 --- [Thread-4] com.zaxxer.hikari.HikariDataSource       : HikariPool-1 - Shutdown completed.
2019-04-01 01:14:26.528  INFO 32990 --- [Thread-33] o.s.s.concurrent.ThreadPoolTaskExecutor  : Shutting down ExecutorService 'applicationTaskExecutor'
2019-04-01 01:14:26.535  INFO 32990 --- [Thread-33] j.LocalContainerEntityManagerFactoryBean : Closing JPA EntityManagerFactory for persistence unit 'default'
2019-04-01 01:14:26.536  INFO 32990 --- [Thread-33] .SchemaDropperImpl$DelayedDropActionImpl : HHH000477: Starting delayed evictData of schema as part of SessionFactory shut-down'
2019-04-01 01:14:26.540  INFO 32990 --- [Thread-33] o.s.b.f.support.DisposableBeanAdapter    : Invocation of destroy method failed on bean with name 'inMemoryDatabaseShutdownExecutor': org.h2.jdbc.JdbcSQLException: Database is already closed (to disable automatic closing at VM shutdown, add ";DB_CLOSE_ON_EXIT=FALSE" to the db URL) [90121-197]
2019-04-01 01:14:26.541  INFO 32990 --- [Thread-33] com.zaxxer.hikari.HikariDataSource       : HikariPool-2 - Shutdown initiated...
2019-04-01 01:14:26.552  INFO 32990 --- [Thread-33] com.zaxxer.hikari.HikariDataSource       : HikariPool-2 - Shutdown completed.
2019-04-01 01:14:31.766  INFO 35205 --- [restartedMain] com.ssns.SsnsApplication                 : Starting SsnsApplication on gimseonghun-ui-MacBook-Pro.local with PID 35205 (/Users/gimseonghun/Documents/ssns/server/out/production/classes started by gimseonghun in /Users/gimseonghun/Documents/ssns/server)
2019-04-01 01:14:31.774  INFO 35205 --- [restartedMain] com.ssns.SsnsApplication                 : The following profiles are active: local
2019-04-01 01:14:31.939  INFO 35205 --- [restartedMain] .e.DevToolsPropertyDefaultsPostProcessor : Devtools property defaults active! Set 'spring.devtools.add-properties' to 'false' to disable
2019-04-01 01:14:31.940  INFO 35205 --- [restartedMain] .e.DevToolsPropertyDefaultsPostProcessor : For additional web related logging consider setting the 'logging.level.web' property to 'DEBUG'
2019-04-01 01:14:33.174  INFO 35205 --- [restartedMain] .s.d.r.c.RepositoryConfigurationDelegate : Bootstrapping Spring Data repositories in DEFAULT mode.
2019-04-01 01:14:33.326  INFO 35205 --- [restartedMain] .s.d.r.c.RepositoryConfigurationDelegate : Finished Spring Data repository scanning in 138ms. Found 1 repository interfaces.
2019-04-01 01:14:33.868  INFO 35205 --- [restartedMain] trationDelegate$BeanPostProcessorChecker : Bean 'org.springframework.transaction.annotation.ProxyTransactionManagementConfiguration' of type [org.springframework.transaction.annotation.ProxyTransactionManagementConfiguration$$EnhancerBySpringCGLIB$$d7cf7426] is not eligible for getting processed by all BeanPostProcessors (for example: not eligible for auto-proxying)
2019-04-01 01:14:34.231  INFO 35205 --- [restartedMain] o.s.b.w.embedded.tomcat.TomcatWebServer  : Tomcat initialized with port(s): 8080 (http)
2019-04-01 01:14:34.252  INFO 35205 --- [restartedMain] o.apache.catalina.core.StandardService   : Starting service [Tomcat]
2019-04-01 01:14:34.253  INFO 35205 --- [restartedMain] org.apache.catalina.core.StandardEngine  : Starting Servlet engine: [Apache Tomcat/9.0.16]
2019-04-01 01:14:34.259  INFO 35205 --- [restartedMain] o.a.catalina.core.AprLifecycleListener   : The APR based Apache Tomcat Native library which allows optimal performance in production environments was not found on the java.library.path: [/Users/gimseonghun/Library/Java/Extensions:/Library/Java/Extensions:/Network/Library/Java/Extensions:/System/Library/Java/Extensions:/usr/lib/java:.]
2019-04-01 01:14:34.357  INFO 35205 --- [restartedMain] o.a.c.c.C.[Tomcat].[localhost].[/]       : Initializing Spring embedded WebApplicationContext
2019-04-01 01:14:34.357 DEBUG 35205 --- [restartedMain] o.s.web.context.ContextLoader            : Published root WebApplicationContext as ServletContext attribute with name [org.springframework.web.context.WebApplicationContext.ROOT]
2019-04-01 01:14:34.357  INFO 35205 --- [restartedMain] o.s.web.context.ContextLoader            : Root WebApplicationContext: initialization completed in 2417 ms
2019-04-01 01:14:34.554  INFO 35205 --- [restartedMain] com.zaxxer.hikari.HikariDataSource       : HikariPool-1 - Starting...
2019-04-01 01:14:34.718  INFO 35205 --- [restartedMain] com.zaxxer.hikari.HikariDataSource       : HikariPool-1 - Start completed.
2019-04-01 01:14:34.764  INFO 35205 --- [restartedMain] o.hibernate.jpa.internal.util.LogHelper  : HHH000204: Processing PersistenceUnitInfo [
	name: default
	...]
2019-04-01 01:14:34.815  INFO 35205 --- [restartedMain] org.hibernate.Version                    : HHH000412: Hibernate Core {5.3.7.Final}
2019-04-01 01:14:34.816  INFO 35205 --- [restartedMain] org.hibernate.cfg.Environment            : HHH000206: hibernate.properties not found
2019-04-01 01:14:34.923  INFO 35205 --- [restartedMain] o.hibernate.annotations.common.Version   : HCANN000001: Hibernate Commons Annotations {5.0.4.Final}
2019-04-01 01:14:35.050  INFO 35205 --- [restartedMain] org.hibernate.dialect.Dialect            : HHH000400: Using dialect: org.hibernate.dialect.MySQL5InnoDBDialect
2019-04-01 01:14:35.573  INFO 35205 --- [restartedMain] o.h.t.schema.internal.SchemaCreatorImpl  : HHH000476: Executing import script 'org.hibernate.tool.schema.internal.exec.ScriptSourceInputNonExistentImpl@4df0f965'
2019-04-01 01:14:35.577  INFO 35205 --- [restartedMain] j.LocalContainerEntityManagerFactoryBean : Initialized JPA EntityManagerFactory for persistence unit 'default'
2019-04-01 01:14:35.617  INFO 35205 --- [restartedMain] o.s.b.d.a.OptionalLiveReloadServer       : LiveReload server is running on port 35729
2019-04-01 01:14:36.017 DEBUG 35205 --- [restartedMain] o.s.w.s.handler.SimpleUrlHandlerMapping  : Patterns [/**/favicon.ico] in 'faviconHandlerMapping'
2019-04-01 01:14:36.154  INFO 35205 --- [restartedMain] o.s.s.concurrent.ThreadPoolTaskExecutor  : Initializing ExecutorService 'applicationTaskExecutor'
2019-04-01 01:14:36.164 DEBUG 35205 --- [restartedMain] s.w.s.m.m.a.RequestMappingHandlerAdapter : ControllerAdvice beans: 0 @ModelAttribute, 0 @InitBinder, 1 RequestBodyAdvice, 1 ResponseBodyAdvice
2019-04-01 01:14:36.185  WARN 35205 --- [restartedMain] aWebConfiguration$JpaWebMvcConfiguration : spring.jpa.open-in-view is enabled by default. Therefore, database queries may be performed during view rendering. Explicitly configure spring.jpa.open-in-view to disable this warning
2019-04-01 01:14:36.217 DEBUG 35205 --- [restartedMain] s.w.s.m.m.a.RequestMappingHandlerMapping : 8 mappings in 'requestMappingHandlerMapping'
2019-04-01 01:14:36.241 DEBUG 35205 --- [restartedMain] o.s.w.s.handler.SimpleUrlHandlerMapping  : Patterns [/webjars/**, /**] in 'resourceHandlerMapping'
2019-04-01 01:14:36.252 DEBUG 35205 --- [restartedMain] .m.m.a.ExceptionHandlerExceptionResolver : ControllerAdvice beans: 0 @ExceptionHandler, 1 ResponseBodyAdvice
2019-04-01 01:14:36.404  INFO 35205 --- [restartedMain] o.s.b.w.embedded.tomcat.TomcatWebServer  : Tomcat started on port(s): 8080 (http) with context path ''
2019-04-01 01:14:36.407  INFO 35205 --- [restartedMain] com.ssns.SsnsApplication                 : Started SsnsApplication in 5.436 seconds (JVM running for 6.836)
2019-04-01 01:14:43.271  INFO 35205 --- [http-nio-8080-exec-1] o.a.c.c.C.[Tomcat].[localhost].[/]       : Initializing Spring DispatcherServlet 'dispatcherServlet'
2019-04-01 01:14:43.272  INFO 35205 --- [http-nio-8080-exec-1] o.s.web.servlet.DispatcherServlet        : Initializing Servlet 'dispatcherServlet'
2019-04-01 01:14:43.273 DEBUG 35205 --- [http-nio-8080-exec-1] o.s.web.servlet.DispatcherServlet        : Detected StandardServletMultipartResolver
2019-04-01 01:14:43.281 DEBUG 35205 --- [http-nio-8080-exec-1] o.s.web.servlet.DispatcherServlet        : enableLoggingRequestDetails='false': request parameters and headers will be masked to prevent unsafe logging of potentially sensitive data
2019-04-01 01:14:43.281  INFO 35205 --- [http-nio-8080-exec-1] o.s.web.servlet.DispatcherServlet        : Completed initialization in 8 ms
2019-04-01 01:14:43.290 DEBUG 35205 --- [http-nio-8080-exec-1] o.s.web.servlet.DispatcherServlet        : GET "/", parameters={}
2019-04-01 01:14:43.295 DEBUG 35205 --- [http-nio-8080-exec-1] s.w.s.m.m.a.RequestMappingHandlerMapping : Mapped to public java.lang.String com.ssns.Accounts.AccountController.test()
2019-04-01 01:14:43.319 DEBUG 35205 --- [http-nio-8080-exec-1] m.m.a.RequestResponseBodyMethodProcessor : Using 'text/html', given [text/html, application/xhtml+xml, image/webp, image/apng, application/signed-exchange;v=b3, application/xml;q=0.9, */*;q=0.8] and supported [text/plain, */*, text/plain, */*, application/json, application/*+json, application/json, application/*+json]
2019-04-01 01:14:43.320 DEBUG 35205 --- [http-nio-8080-exec-1] m.m.a.RequestResponseBodyMethodProcessor : Writing ["test page"]
2019-04-01 01:14:43.328 DEBUG 35205 --- [http-nio-8080-exec-1] o.s.web.servlet.DispatcherServlet        : Completed 200 OK
2019-04-01 01:14:48.919 DEBUG 35205 --- [http-nio-8080-exec-2] o.s.web.servlet.DispatcherServlet        : GET "/accounts", parameters={}
2019-04-01 01:14:48.920 DEBUG 35205 --- [http-nio-8080-exec-2] s.w.s.m.m.a.RequestMappingHandlerMapping : Mapped to public org.springframework.data.domain.PageImpl com.ssns.Accounts.AccountController.getAccounts(org.springframework.data.domain.Pageable)
2019-04-01 01:14:48.982  INFO 35205 --- [http-nio-8080-exec-2] o.h.h.i.QueryTranslatorFactoryInitiator  : HHH000397: Using ASTQueryTranslatorFactory
2019-04-01 01:14:49.112 DEBUG 35205 --- [http-nio-8080-exec-2] m.m.a.RequestResponseBodyMethodProcessor : Using 'application/json;q=0.8', given [text/html, application/xhtml+xml, image/webp, image/apng, application/signed-exchange;v=b3, application/xml;q=0.9, */*;q=0.8] and supported [application/json, application/*+json, application/json, application/*+json]
2019-04-01 01:14:49.113 DEBUG 35205 --- [http-nio-8080-exec-2] m.m.a.RequestResponseBodyMethodProcessor : Writing [Page 1 of 0 containing UNKNOWN instances]
2019-04-01 01:14:49.344 DEBUG 35205 --- [http-nio-8080-exec-2] o.s.web.servlet.DispatcherServlet        : Completed 200 OK
2019-04-01 01:20:15.914  INFO 35205 --- [Thread-21] o.s.s.concurrent.ThreadPoolTaskExecutor  : Shutting down ExecutorService 'applicationTaskExecutor'
2019-04-01 01:20:15.915  INFO 35205 --- [Thread-21] j.LocalContainerEntityManagerFactoryBean : Closing JPA EntityManagerFactory for persistence unit 'default'
2019-04-01 01:20:15.916  INFO 35205 --- [Thread-21] .SchemaDropperImpl$DelayedDropActionImpl : HHH000477: Starting delayed evictData of schema as part of SessionFactory shut-down'
2019-04-01 01:20:15.936  INFO 35205 --- [Thread-21] o.s.b.f.support.DisposableBeanAdapter    : Invocation of destroy method failed on bean with name 'inMemoryDatabaseShutdownExecutor': org.h2.jdbc.JdbcSQLException: Database is already closed (to disable automatic closing at VM shutdown, add ";DB_CLOSE_ON_EXIT=FALSE" to the db URL) [90121-197]
2019-04-01 01:20:15.936  INFO 35205 --- [Thread-21] com.zaxxer.hikari.HikariDataSource       : HikariPool-1 - Shutdown initiated...
2019-04-01 01:20:15.940  INFO 35205 --- [Thread-21] com.zaxxer.hikari.HikariDataSource       : HikariPool-1 - Shutdown completed.
2019-04-01 01:22:47.494  INFO 35913 --- [restartedMain] com.ssns.SsnsApplication                 : Starting SsnsApplication on gimseonghun-ui-MacBook-Pro.local with PID 35913 (/Users/gimseonghun/Documents/ssns/server/out/production/classes started by gimseonghun in /Users/gimseonghun/Documents/ssns/server)
2019-04-01 01:22:47.498  INFO 35913 --- [restartedMain] com.ssns.SsnsApplication                 : The following profiles are active: local
2019-04-01 01:22:47.677  INFO 35913 --- [restartedMain] .e.DevToolsPropertyDefaultsPostProcessor : Devtools property defaults active! Set 'spring.devtools.add-properties' to 'false' to disable
2019-04-01 01:22:47.678  INFO 35913 --- [restartedMain] .e.DevToolsPropertyDefaultsPostProcessor : For additional web related logging consider setting the 'logging.level.web' property to 'DEBUG'
2019-04-01 01:22:48.933  INFO 35913 --- [restartedMain] .s.d.r.c.RepositoryConfigurationDelegate : Bootstrapping Spring Data repositories in DEFAULT mode.
2019-04-01 01:22:49.015  INFO 35913 --- [restartedMain] .s.d.r.c.RepositoryConfigurationDelegate : Finished Spring Data repository scanning in 75ms. Found 1 repository interfaces.
2019-04-01 01:22:49.408  INFO 35913 --- [restartedMain] trationDelegate$BeanPostProcessorChecker : Bean 'org.springframework.transaction.annotation.ProxyTransactionManagementConfiguration' of type [org.springframework.transaction.annotation.ProxyTransactionManagementConfiguration$$EnhancerBySpringCGLIB$$a312061b] is not eligible for getting processed by all BeanPostProcessors (for example: not eligible for auto-proxying)
2019-04-01 01:22:49.788  INFO 35913 --- [restartedMain] o.s.b.w.embedded.tomcat.TomcatWebServer  : Tomcat initialized with port(s): 8080 (http)
2019-04-01 01:22:49.809  INFO 35913 --- [restartedMain] o.apache.catalina.core.StandardService   : Starting service [Tomcat]
2019-04-01 01:22:49.810  INFO 35913 --- [restartedMain] org.apache.catalina.core.StandardEngine  : Starting Servlet engine: [Apache Tomcat/9.0.16]
2019-04-01 01:22:49.817  INFO 35913 --- [restartedMain] o.a.catalina.core.AprLifecycleListener   : The APR based Apache Tomcat Native library which allows optimal performance in production environments was not found on the java.library.path: [/Users/gimseonghun/Library/Java/Extensions:/Library/Java/Extensions:/Network/Library/Java/Extensions:/System/Library/Java/Extensions:/usr/lib/java:.]
2019-04-01 01:22:49.905  INFO 35913 --- [restartedMain] o.a.c.c.C.[Tomcat].[localhost].[/]       : Initializing Spring embedded WebApplicationContext
2019-04-01 01:22:49.905 DEBUG 35913 --- [restartedMain] o.s.web.context.ContextLoader            : Published root WebApplicationContext as ServletContext attribute with name [org.springframework.web.context.WebApplicationContext.ROOT]
2019-04-01 01:22:49.905  INFO 35913 --- [restartedMain] o.s.web.context.ContextLoader            : Root WebApplicationContext: initialization completed in 2225 ms
2019-04-01 01:22:50.103  INFO 35913 --- [restartedMain] com.zaxxer.hikari.HikariDataSource       : HikariPool-1 - Starting...
2019-04-01 01:22:50.278  INFO 35913 --- [restartedMain] com.zaxxer.hikari.HikariDataSource       : HikariPool-1 - Start completed.
2019-04-01 01:22:50.327  INFO 35913 --- [restartedMain] o.hibernate.jpa.internal.util.LogHelper  : HHH000204: Processing PersistenceUnitInfo [
	name: default
	...]
2019-04-01 01:22:50.375  INFO 35913 --- [restartedMain] org.hibernate.Version                    : HHH000412: Hibernate Core {5.3.7.Final}
2019-04-01 01:22:50.376  INFO 35913 --- [restartedMain] org.hibernate.cfg.Environment            : HHH000206: hibernate.properties not found
2019-04-01 01:22:50.476  INFO 35913 --- [restartedMain] o.hibernate.annotations.common.Version   : HCANN000001: Hibernate Commons Annotations {5.0.4.Final}
2019-04-01 01:22:50.602  INFO 35913 --- [restartedMain] org.hibernate.dialect.Dialect            : HHH000400: Using dialect: org.hibernate.dialect.MySQL5InnoDBDialect
2019-04-01 01:22:51.125  INFO 35913 --- [restartedMain] o.h.t.schema.internal.SchemaCreatorImpl  : HHH000476: Executing import script 'org.hibernate.tool.schema.internal.exec.ScriptSourceInputNonExistentImpl@3da0d0a0'
2019-04-01 01:22:51.129  INFO 35913 --- [restartedMain] j.LocalContainerEntityManagerFactoryBean : Initialized JPA EntityManagerFactory for persistence unit 'default'
2019-04-01 01:22:51.177  INFO 35913 --- [restartedMain] o.s.b.d.a.OptionalLiveReloadServer       : LiveReload server is running on port 35729
2019-04-01 01:22:51.579 DEBUG 35913 --- [restartedMain] o.s.w.s.handler.SimpleUrlHandlerMapping  : Patterns [/**/favicon.ico] in 'faviconHandlerMapping'
2019-04-01 01:22:51.749  INFO 35913 --- [restartedMain] o.s.s.concurrent.ThreadPoolTaskExecutor  : Initializing ExecutorService 'applicationTaskExecutor'
2019-04-01 01:22:51.762 DEBUG 35913 --- [restartedMain] s.w.s.m.m.a.RequestMappingHandlerAdapter : ControllerAdvice beans: 0 @ModelAttribute, 0 @InitBinder, 1 RequestBodyAdvice, 1 ResponseBodyAdvice
2019-04-01 01:22:51.796  WARN 35913 --- [restartedMain] aWebConfiguration$JpaWebMvcConfiguration : spring.jpa.open-in-view is enabled by default. Therefore, database queries may be performed during view rendering. Explicitly configure spring.jpa.open-in-view to disable this warning
2019-04-01 01:22:51.835 DEBUG 35913 --- [restartedMain] s.w.s.m.m.a.RequestMappingHandlerMapping : 8 mappings in 'requestMappingHandlerMapping'
2019-04-01 01:22:51.846 DEBUG 35913 --- [restartedMain] o.s.w.s.handler.SimpleUrlHandlerMapping  : Patterns [/webjars/**, /**] in 'resourceHandlerMapping'
2019-04-01 01:22:51.855 DEBUG 35913 --- [restartedMain] .m.m.a.ExceptionHandlerExceptionResolver : ControllerAdvice beans: 0 @ExceptionHandler, 1 ResponseBodyAdvice
2019-04-01 01:22:52.045  INFO 35913 --- [restartedMain] o.s.b.w.embedded.tomcat.TomcatWebServer  : Tomcat started on port(s): 8080 (http) with context path ''
2019-04-01 01:22:52.049  INFO 35913 --- [restartedMain] com.ssns.SsnsApplication                 : Started SsnsApplication in 5.272 seconds (JVM running for 6.218)
2019-04-01 01:23:01.581  INFO 35913 --- [http-nio-8080-exec-1] o.a.c.c.C.[Tomcat].[localhost].[/]       : Initializing Spring DispatcherServlet 'dispatcherServlet'
2019-04-01 01:23:01.582  INFO 35913 --- [http-nio-8080-exec-1] o.s.web.servlet.DispatcherServlet        : Initializing Servlet 'dispatcherServlet'
2019-04-01 01:23:01.582 DEBUG 35913 --- [http-nio-8080-exec-1] o.s.web.servlet.DispatcherServlet        : Detected StandardServletMultipartResolver
2019-04-01 01:23:01.593 DEBUG 35913 --- [http-nio-8080-exec-1] o.s.web.servlet.DispatcherServlet        : enableLoggingRequestDetails='false': request parameters and headers will be masked to prevent unsafe logging of potentially sensitive data
2019-04-01 01:23:01.594  INFO 35913 --- [http-nio-8080-exec-1] o.s.web.servlet.DispatcherServlet        : Completed initialization in 12 ms
2019-04-01 01:23:01.604 DEBUG 35913 --- [http-nio-8080-exec-1] o.s.web.servlet.DispatcherServlet        : GET "/", parameters={}
2019-04-01 01:23:01.607 DEBUG 35913 --- [http-nio-8080-exec-1] s.w.s.m.m.a.RequestMappingHandlerMapping : Mapped to public java.lang.String com.ssns.Accounts.AccountController.test()
2019-04-01 01:23:01.631 DEBUG 35913 --- [http-nio-8080-exec-1] m.m.a.RequestResponseBodyMethodProcessor : Using 'text/html', given [text/html, application/xhtml+xml, image/webp, image/apng, application/signed-exchange;v=b3, application/xml;q=0.9, */*;q=0.8] and supported [text/plain, */*, text/plain, */*, application/json, application/*+json, application/json, application/*+json]
2019-04-01 01:23:01.632 DEBUG 35913 --- [http-nio-8080-exec-1] m.m.a.RequestResponseBodyMethodProcessor : Writing ["test page"]
2019-04-01 01:23:01.641 DEBUG 35913 --- [http-nio-8080-exec-1] o.s.web.servlet.DispatcherServlet        : Completed 200 OK
