2019-04-02 00:02:42.973 DEBUG 67989 --- [http-nio-8081-exec-5] o.s.web.servlet.DispatcherServlet        : GET "/beans", parameters={}
2019-04-02 00:02:42.985 DEBUG 67989 --- [http-nio-8081-exec-5] o.s.w.s.handler.SimpleUrlHandlerMapping  : Mapped to ResourceHttpRequestHandler ["classpath:/META-INF/resources/", "classpath:/resources/", "classpath:/static/", "classpath:/public/", "/"]
2019-04-02 00:02:42.993 DEBUG 67989 --- [http-nio-8081-exec-5] o.s.w.s.r.ResourceHttpRequestHandler     : Resource not found
2019-04-02 00:02:42.993 DEBUG 67989 --- [http-nio-8081-exec-5] o.s.web.servlet.DispatcherServlet        : Completed 404 NOT_FOUND
2019-04-02 00:02:42.995 DEBUG 67989 --- [http-nio-8081-exec-5] o.s.web.servlet.DispatcherServlet        : "ERROR" dispatch for GET "/error", parameters={}
2019-04-02 00:02:42.998 DEBUG 67989 --- [http-nio-8081-exec-5] s.w.s.m.m.a.RequestMappingHandlerMapping : Mapped to public org.springframework.web.servlet.ModelAndView org.springframework.boot.autoconfigure.web.servlet.error.BasicErrorController.errorHtml(javax.servlet.http.HttpServletRequest,javax.servlet.http.HttpServletResponse)
2019-04-02 00:02:43.007 DEBUG 67989 --- [http-nio-8081-exec-5] o.s.w.s.v.ContentNegotiatingViewResolver : Selected 'text/html' given [text/html, text/html;q=0.8]
2019-04-02 00:02:43.009 DEBUG 67989 --- [http-nio-8081-exec-5] o.s.web.servlet.DispatcherServlet        : Exiting from "ERROR" dispatch, status 404
2019-04-02 00:03:25.957 DEBUG 67989 --- [http-nio-8081-exec-7] o.s.web.servlet.DispatcherServlet        : GET "/beans", parameters={}
2019-04-02 00:03:25.960 DEBUG 67989 --- [http-nio-8081-exec-7] o.s.w.s.handler.SimpleUrlHandlerMapping  : Mapped to ResourceHttpRequestHandler ["classpath:/META-INF/resources/", "classpath:/resources/", "classpath:/static/", "classpath:/public/", "/"]
2019-04-02 00:03:25.968 DEBUG 67989 --- [http-nio-8081-exec-7] o.s.w.s.r.ResourceHttpRequestHandler     : Resource not found
2019-04-02 00:03:25.968 DEBUG 67989 --- [http-nio-8081-exec-7] o.s.web.servlet.DispatcherServlet        : Completed 404 NOT_FOUND
2019-04-02 00:03:25.969 DEBUG 67989 --- [http-nio-8081-exec-7] o.s.web.servlet.DispatcherServlet        : "ERROR" dispatch for GET "/error", parameters={}
2019-04-02 00:03:25.971 DEBUG 67989 --- [http-nio-8081-exec-7] s.w.s.m.m.a.RequestMappingHandlerMapping : Mapped to public org.springframework.web.servlet.ModelAndView org.springframework.boot.autoconfigure.web.servlet.error.BasicErrorController.errorHtml(javax.servlet.http.HttpServletRequest,javax.servlet.http.HttpServletResponse)
2019-04-02 00:03:25.976 DEBUG 67989 --- [http-nio-8081-exec-7] o.s.w.s.v.ContentNegotiatingViewResolver : Selected 'text/html' given [text/html, text/html;q=0.8]
2019-04-02 00:03:25.977 DEBUG 67989 --- [http-nio-8081-exec-7] o.s.web.servlet.DispatcherServlet        : Exiting from "ERROR" dispatch, status 404
2019-04-02 00:03:29.974 DEBUG 67989 --- [http-nio-8081-exec-8] o.s.web.servlet.DispatcherServlet        : GET "/health", parameters={}
2019-04-02 00:03:29.978 DEBUG 67989 --- [http-nio-8081-exec-8] o.s.w.s.handler.SimpleUrlHandlerMapping  : Mapped to ResourceHttpRequestHandler ["classpath:/META-INF/resources/", "classpath:/resources/", "classpath:/static/", "classpath:/public/", "/"]
2019-04-02 00:03:29.985 DEBUG 67989 --- [http-nio-8081-exec-8] o.s.w.s.r.ResourceHttpRequestHandler     : Resource not found
2019-04-02 00:03:29.988 DEBUG 67989 --- [http-nio-8081-exec-8] o.s.web.servlet.DispatcherServlet        : Completed 404 NOT_FOUND
2019-04-02 00:03:29.988 DEBUG 67989 --- [http-nio-8081-exec-8] o.s.web.servlet.DispatcherServlet        : "ERROR" dispatch for GET "/error", parameters={}
2019-04-02 00:03:29.990 DEBUG 67989 --- [http-nio-8081-exec-8] s.w.s.m.m.a.RequestMappingHandlerMapping : Mapped to public org.springframework.web.servlet.ModelAndView org.springframework.boot.autoconfigure.web.servlet.error.BasicErrorController.errorHtml(javax.servlet.http.HttpServletRequest,javax.servlet.http.HttpServletResponse)
2019-04-02 00:03:30.006 DEBUG 67989 --- [http-nio-8081-exec-8] o.s.w.s.v.ContentNegotiatingViewResolver : Selected 'text/html' given [text/html, text/html;q=0.8]
2019-04-02 00:03:30.006 DEBUG 67989 --- [http-nio-8081-exec-8] o.s.web.servlet.DispatcherServlet        : Exiting from "ERROR" dispatch, status 404
2019-04-02 00:03:48.118  INFO 67989 --- [Thread-5] o.s.s.concurrent.ThreadPoolTaskExecutor  : Shutting down ExecutorService 'applicationTaskExecutor'
2019-04-02 00:03:48.124  INFO 67989 --- [Thread-5] j.LocalContainerEntityManagerFactoryBean : Closing JPA EntityManagerFactory for persistence unit 'default'
2019-04-02 00:03:48.132  INFO 67989 --- [Thread-5] .SchemaDropperImpl$DelayedDropActionImpl : HHH000477: Starting delayed evictData of schema as part of SessionFactory shut-down'
2019-04-02 00:03:48.161  INFO 67989 --- [Thread-5] o.s.b.f.support.DisposableBeanAdapter    : Invocation of destroy method failed on bean with name 'inMemoryDatabaseShutdownExecutor': org.h2.jdbc.JdbcSQLException: Database is already closed (to disable automatic closing at VM shutdown, add ";DB_CLOSE_ON_EXIT=FALSE" to the db URL) [90121-197]
2019-04-02 00:03:48.161  INFO 67989 --- [Thread-5] com.zaxxer.hikari.HikariDataSource       : HikariPool-1 - Shutdown initiated...
2019-04-02 00:03:48.164  INFO 67989 --- [Thread-5] com.zaxxer.hikari.HikariDataSource       : HikariPool-1 - Shutdown completed.
2019-04-02 00:03:48.771  INFO 67989 --- [restartedMain] com.ssns.SsnsApplication                 : Starting SsnsApplication on gimseonghun-ui-MacBook-Pro.local with PID 67989 (/Users/gimseonghun/Documents/ssns/out/production/classes started by gimseonghun in /Users/gimseonghun/Documents/ssns)
2019-04-02 00:03:48.771  INFO 67989 --- [restartedMain] com.ssns.SsnsApplication                 : The following profiles are active: set1
2019-04-02 00:03:49.080  INFO 67989 --- [restartedMain] .s.d.r.c.RepositoryConfigurationDelegate : Bootstrapping Spring Data repositories in DEFAULT mode.
2019-04-02 00:03:49.084  INFO 67989 --- [restartedMain] .s.d.r.c.RepositoryConfigurationDelegate : Finished Spring Data repository scanning in 2ms. Found 0 repository interfaces.
2019-04-02 00:03:49.198  INFO 67989 --- [restartedMain] trationDelegate$BeanPostProcessorChecker : Bean 'org.springframework.transaction.annotation.ProxyTransactionManagementConfiguration' of type [org.springframework.transaction.annotation.ProxyTransactionManagementConfiguration$$EnhancerBySpringCGLIB$$c9a503c2] is not eligible for getting processed by all BeanPostProcessors (for example: not eligible for auto-proxying)
2019-04-02 00:03:49.365  INFO 67989 --- [restartedMain] o.s.b.w.embedded.tomcat.TomcatWebServer  : Tomcat initialized with port(s): 8081 (http)
2019-04-02 00:03:49.368  INFO 67989 --- [restartedMain] o.apache.catalina.core.StandardService   : Starting service [Tomcat]
2019-04-02 00:03:49.368  INFO 67989 --- [restartedMain] org.apache.catalina.core.StandardEngine  : Starting Servlet engine: [Apache Tomcat/9.0.16]
2019-04-02 00:03:49.388  INFO 67989 --- [restartedMain] o.a.c.c.C.[Tomcat].[localhost].[/]       : Initializing Spring embedded WebApplicationContext
2019-04-02 00:03:49.388 DEBUG 67989 --- [restartedMain] o.s.web.context.ContextLoader            : Published root WebApplicationContext as ServletContext attribute with name [org.springframework.web.context.WebApplicationContext.ROOT]
2019-04-02 00:03:49.388  INFO 67989 --- [restartedMain] o.s.web.context.ContextLoader            : Root WebApplicationContext: initialization completed in 613 ms
2019-04-02 00:03:49.503  INFO 67989 --- [restartedMain] com.zaxxer.hikari.HikariDataSource       : HikariPool-2 - Starting...
2019-04-02 00:03:49.507  INFO 67989 --- [restartedMain] com.zaxxer.hikari.HikariDataSource       : HikariPool-2 - Start completed.
2019-04-02 00:03:49.519  INFO 67989 --- [restartedMain] o.hibernate.jpa.internal.util.LogHelper  : HHH000204: Processing PersistenceUnitInfo [
	name: default
	...]
2019-04-02 00:03:49.534  INFO 67989 --- [restartedMain] org.hibernate.dialect.Dialect            : HHH000400: Using dialect: org.hibernate.dialect.MySQL5InnoDBDialect
2019-04-02 00:03:49.607  INFO 67989 --- [restartedMain] o.h.t.schema.internal.SchemaCreatorImpl  : HHH000476: Executing import script 'org.hibernate.tool.schema.internal.exec.ScriptSourceInputNonExistentImpl@287cac08'
2019-04-02 00:03:49.611  INFO 67989 --- [restartedMain] j.LocalContainerEntityManagerFactoryBean : Initialized JPA EntityManagerFactory for persistence unit 'default'
2019-04-02 00:03:49.645  INFO 67989 --- [restartedMain] o.s.b.d.a.OptionalLiveReloadServer       : LiveReload server is running on port 35729
2019-04-02 00:03:49.721 DEBUG 67989 --- [restartedMain] o.s.w.s.handler.SimpleUrlHandlerMapping  : Patterns [/**/favicon.ico] in 'faviconHandlerMapping'
2019-04-02 00:03:49.794  INFO 67989 --- [restartedMain] o.s.s.concurrent.ThreadPoolTaskExecutor  : Initializing ExecutorService 'applicationTaskExecutor'
2019-04-02 00:03:49.799 DEBUG 67989 --- [restartedMain] s.w.s.m.m.a.RequestMappingHandlerAdapter : ControllerAdvice beans: 0 @ModelAttribute, 0 @InitBinder, 1 RequestBodyAdvice, 1 ResponseBodyAdvice
2019-04-02 00:03:49.801  WARN 67989 --- [restartedMain] aWebConfiguration$JpaWebMvcConfiguration : spring.jpa.open-in-view is enabled by default. Therefore, database queries may be performed during view rendering. Explicitly configure spring.jpa.open-in-view to disable this warning
2019-04-02 00:03:49.816 DEBUG 67989 --- [restartedMain] s.w.s.m.m.a.RequestMappingHandlerMapping : 2 mappings in 'requestMappingHandlerMapping'
2019-04-02 00:03:49.833 DEBUG 67989 --- [restartedMain] o.s.w.s.handler.SimpleUrlHandlerMapping  : Patterns [/webjars/**, /**] in 'resourceHandlerMapping'
2019-04-02 00:03:49.845 DEBUG 67989 --- [restartedMain] .m.m.a.ExceptionHandlerExceptionResolver : ControllerAdvice beans: 0 @ExceptionHandler, 1 ResponseBodyAdvice
2019-04-02 00:03:49.939  INFO 67989 --- [restartedMain] o.s.b.w.embedded.tomcat.TomcatWebServer  : Tomcat started on port(s): 8081 (http) with context path ''
2019-04-02 00:03:49.940  INFO 67989 --- [restartedMain] com.ssns.SsnsApplication                 : Started SsnsApplication in 1.394 seconds (JVM running for 8651.97)
2019-04-02 00:03:49.943  INFO 67989 --- [restartedMain] .ConditionEvaluationDeltaLoggingListener : Condition evaluation unchanged
2019-04-02 00:03:52.738  INFO 67989 --- [Thread-10] o.s.s.concurrent.ThreadPoolTaskExecutor  : Shutting down ExecutorService 'applicationTaskExecutor'
2019-04-02 00:03:52.739  INFO 67989 --- [Thread-10] j.LocalContainerEntityManagerFactoryBean : Closing JPA EntityManagerFactory for persistence unit 'default'
2019-04-02 00:03:52.740  INFO 67989 --- [Thread-10] .SchemaDropperImpl$DelayedDropActionImpl : HHH000477: Starting delayed evictData of schema as part of SessionFactory shut-down'
2019-04-02 00:03:52.742  INFO 67989 --- [Thread-10] o.s.b.f.support.DisposableBeanAdapter    : Invocation of destroy method failed on bean with name 'inMemoryDatabaseShutdownExecutor': org.h2.jdbc.JdbcSQLException: Database is already closed (to disable automatic closing at VM shutdown, add ";DB_CLOSE_ON_EXIT=FALSE" to the db URL) [90121-197]
2019-04-02 00:03:52.743  INFO 67989 --- [Thread-10] com.zaxxer.hikari.HikariDataSource       : HikariPool-2 - Shutdown initiated...
2019-04-02 00:03:52.747  INFO 67989 --- [Thread-10] com.zaxxer.hikari.HikariDataSource       : HikariPool-2 - Shutdown completed.
2019-04-02 00:03:53.016  INFO 67989 --- [restartedMain] com.ssns.SsnsApplication                 : Starting SsnsApplication on gimseonghun-ui-MacBook-Pro.local with PID 67989 (/Users/gimseonghun/Documents/ssns/out/production/classes started by gimseonghun in /Users/gimseonghun/Documents/ssns)
2019-04-02 00:03:53.017  INFO 67989 --- [restartedMain] com.ssns.SsnsApplication                 : The following profiles are active: set1
2019-04-02 00:03:53.354  INFO 67989 --- [restartedMain] .s.d.r.c.RepositoryConfigurationDelegate : Bootstrapping Spring Data repositories in DEFAULT mode.
2019-04-02 00:03:53.384  INFO 67989 --- [restartedMain] .s.d.r.c.RepositoryConfigurationDelegate : Finished Spring Data repository scanning in 30ms. Found 1 repository interfaces.
2019-04-02 00:03:53.512  INFO 67989 --- [restartedMain] trationDelegate$BeanPostProcessorChecker : Bean 'org.springframework.transaction.annotation.ProxyTransactionManagementConfiguration' of type [org.springframework.transaction.annotation.ProxyTransactionManagementConfiguration$$EnhancerBySpringCGLIB$$c9a503c2] is not eligible for getting processed by all BeanPostProcessors (for example: not eligible for auto-proxying)
2019-04-02 00:03:53.722  INFO 67989 --- [restartedMain] o.s.b.w.embedded.tomcat.TomcatWebServer  : Tomcat initialized with port(s): 8081 (http)
2019-04-02 00:03:53.729  INFO 67989 --- [restartedMain] o.apache.catalina.core.StandardService   : Starting service [Tomcat]
2019-04-02 00:03:53.730  INFO 67989 --- [restartedMain] org.apache.catalina.core.StandardEngine  : Starting Servlet engine: [Apache Tomcat/9.0.16]
2019-04-02 00:03:53.774  INFO 67989 --- [restartedMain] o.a.c.c.C.[Tomcat].[localhost].[/]       : Initializing Spring embedded WebApplicationContext
2019-04-02 00:03:53.774 DEBUG 67989 --- [restartedMain] o.s.web.context.ContextLoader            : Published root WebApplicationContext as ServletContext attribute with name [org.springframework.web.context.WebApplicationContext.ROOT]
2019-04-02 00:03:53.780  INFO 67989 --- [restartedMain] o.s.web.context.ContextLoader            : Root WebApplicationContext: initialization completed in 759 ms
2019-04-02 00:03:53.990  INFO 67989 --- [restartedMain] com.zaxxer.hikari.HikariDataSource       : HikariPool-3 - Starting...
2019-04-02 00:03:53.993  INFO 67989 --- [restartedMain] com.zaxxer.hikari.HikariDataSource       : HikariPool-3 - Start completed.
2019-04-02 00:03:54.009  INFO 67989 --- [restartedMain] o.hibernate.jpa.internal.util.LogHelper  : HHH000204: Processing PersistenceUnitInfo [
	name: default
	...]
2019-04-02 00:03:54.025  INFO 67989 --- [restartedMain] org.hibernate.dialect.Dialect            : HHH000400: Using dialect: org.hibernate.dialect.MySQL5InnoDBDialect
2019-04-02 00:03:54.205  INFO 67989 --- [restartedMain] o.h.t.schema.internal.SchemaCreatorImpl  : HHH000476: Executing import script 'org.hibernate.tool.schema.internal.exec.ScriptSourceInputNonExistentImpl@287cac08'
2019-04-02 00:03:54.205  INFO 67989 --- [restartedMain] j.LocalContainerEntityManagerFactoryBean : Initialized JPA EntityManagerFactory for persistence unit 'default'
2019-04-02 00:03:54.269  INFO 67989 --- [restartedMain] o.s.b.d.a.OptionalLiveReloadServer       : LiveReload server is running on port 35729
2019-04-02 00:03:54.555 DEBUG 67989 --- [restartedMain] o.s.w.s.handler.SimpleUrlHandlerMapping  : Patterns [/**/favicon.ico] in 'faviconHandlerMapping'
2019-04-02 00:03:54.910  INFO 79684 --- [restartedMain] com.ssns.SsnsApplication                 : Starting SsnsApplication on gimseonghun-ui-MacBook-Pro.local with PID 79684 (/Users/gimseonghun/Documents/ssns/out/production/classes started by gimseonghun in /Users/gimseonghun/Documents/ssns)
2019-04-02 00:03:54.914  INFO 79684 --- [restartedMain] com.ssns.SsnsApplication                 : The following profiles are active: local
2019-04-02 00:03:54.969  INFO 67989 --- [restartedMain] o.s.s.concurrent.ThreadPoolTaskExecutor  : Initializing ExecutorService 'applicationTaskExecutor'
2019-04-02 00:03:54.988 DEBUG 67989 --- [restartedMain] s.w.s.m.m.a.RequestMappingHandlerAdapter : ControllerAdvice beans: 0 @ModelAttribute, 0 @InitBinder, 1 RequestBodyAdvice, 1 ResponseBodyAdvice
2019-04-02 00:03:54.992  WARN 67989 --- [restartedMain] aWebConfiguration$JpaWebMvcConfiguration : spring.jpa.open-in-view is enabled by default. Therefore, database queries may be performed during view rendering. Explicitly configure spring.jpa.open-in-view to disable this warning
2019-04-02 00:03:55.034 DEBUG 67989 --- [restartedMain] s.w.s.m.m.a.RequestMappingHandlerMapping : 9 mappings in 'requestMappingHandlerMapping'
2019-04-02 00:03:55.044  INFO 79684 --- [restartedMain] .e.DevToolsPropertyDefaultsPostProcessor : Devtools property defaults active! Set 'spring.devtools.add-properties' to 'false' to disable
2019-04-02 00:03:55.044  INFO 79684 --- [restartedMain] .e.DevToolsPropertyDefaultsPostProcessor : For additional web related logging consider setting the 'logging.level.web' property to 'DEBUG'
2019-04-02 00:03:55.046 DEBUG 67989 --- [restartedMain] o.s.w.s.handler.SimpleUrlHandlerMapping  : Patterns [/webjars/**, /**] in 'resourceHandlerMapping'
2019-04-02 00:03:55.054 DEBUG 67989 --- [restartedMain] .m.m.a.ExceptionHandlerExceptionResolver : ControllerAdvice beans: 0 @ExceptionHandler, 1 ResponseBodyAdvice
2019-04-02 00:03:55.477  INFO 67989 --- [restartedMain] o.s.b.w.embedded.tomcat.TomcatWebServer  : Tomcat started on port(s): 8081 (http) with context path ''
2019-04-02 00:03:55.478  INFO 67989 --- [restartedMain] com.ssns.SsnsApplication                 : Started SsnsApplication in 2.496 seconds (JVM running for 8657.503)
2019-04-02 00:03:55.482  INFO 67989 --- [restartedMain] .ConditionEvaluationDeltaLoggingListener : Condition evaluation unchanged
2019-04-02 00:03:57.805  INFO 79684 --- [restartedMain] .s.d.r.c.RepositoryConfigurationDelegate : Bootstrapping Spring Data repositories in DEFAULT mode.
2019-04-02 00:03:57.878  INFO 79684 --- [restartedMain] .s.d.r.c.RepositoryConfigurationDelegate : Finished Spring Data repository scanning in 66ms. Found 1 repository interfaces.
2019-04-02 00:03:58.303  INFO 79684 --- [restartedMain] trationDelegate$BeanPostProcessorChecker : Bean 'org.springframework.transaction.annotation.ProxyTransactionManagementConfiguration' of type [org.springframework.transaction.annotation.ProxyTransactionManagementConfiguration$$EnhancerBySpringCGLIB$$bd5c3cdc] is not eligible for getting processed by all BeanPostProcessors (for example: not eligible for auto-proxying)
2019-04-02 00:03:58.716  INFO 79684 --- [restartedMain] o.s.b.w.embedded.tomcat.TomcatWebServer  : Tomcat initialized with port(s): 8080 (http)
2019-04-02 00:03:58.766  INFO 79684 --- [restartedMain] o.apache.catalina.core.StandardService   : Starting service [Tomcat]
2019-04-02 00:03:58.767  INFO 79684 --- [restartedMain] org.apache.catalina.core.StandardEngine  : Starting Servlet engine: [Apache Tomcat/9.0.16]
2019-04-02 00:03:58.780  INFO 79684 --- [restartedMain] o.a.catalina.core.AprLifecycleListener   : The APR based Apache Tomcat Native library which allows optimal performance in production environments was not found on the java.library.path: [/Users/gimseonghun/Library/Java/Extensions:/Library/Java/Extensions:/Network/Library/Java/Extensions:/System/Library/Java/Extensions:/usr/lib/java:.]
2019-04-02 00:03:58.867  INFO 79684 --- [restartedMain] o.a.c.c.C.[Tomcat].[localhost].[/]       : Initializing Spring embedded WebApplicationContext
2019-04-02 00:03:58.867 DEBUG 79684 --- [restartedMain] o.s.web.context.ContextLoader            : Published root WebApplicationContext as ServletContext attribute with name [org.springframework.web.context.WebApplicationContext.ROOT]
2019-04-02 00:03:58.867  INFO 79684 --- [restartedMain] o.s.web.context.ContextLoader            : Root WebApplicationContext: initialization completed in 3822 ms
2019-04-02 00:03:59.536  INFO 79684 --- [restartedMain] com.zaxxer.hikari.HikariDataSource       : HikariPool-1 - Starting...
2019-04-02 00:03:59.617  INFO 79684 --- [restartedMain] com.zaxxer.hikari.HikariDataSource       : HikariPool-1 - Start completed.
2019-04-02 00:03:59.660  INFO 79684 --- [restartedMain] o.hibernate.jpa.internal.util.LogHelper  : HHH000204: Processing PersistenceUnitInfo [
	name: default
	...]
2019-04-02 00:03:59.712  INFO 79684 --- [restartedMain] org.hibernate.Version                    : HHH000412: Hibernate Core {5.3.7.Final}
2019-04-02 00:03:59.713  INFO 79684 --- [restartedMain] org.hibernate.cfg.Environment            : HHH000206: hibernate.properties not found
2019-04-02 00:03:59.860  INFO 79684 --- [restartedMain] o.hibernate.annotations.common.Version   : HCANN000001: Hibernate Commons Annotations {5.0.4.Final}
2019-04-02 00:03:59.985  INFO 79684 --- [restartedMain] org.hibernate.dialect.Dialect            : HHH000400: Using dialect: org.hibernate.dialect.MySQL5InnoDBDialect
2019-04-02 00:04:00.604  INFO 79684 --- [restartedMain] o.h.t.schema.internal.SchemaCreatorImpl  : HHH000476: Executing import script 'org.hibernate.tool.schema.internal.exec.ScriptSourceInputNonExistentImpl@4f0ea8f6'
2019-04-02 00:04:00.607  INFO 79684 --- [restartedMain] j.LocalContainerEntityManagerFactoryBean : Initialized JPA EntityManagerFactory for persistence unit 'default'
2019-04-02 00:04:00.648  WARN 79684 --- [restartedMain] o.s.b.d.a.OptionalLiveReloadServer       : Unable to start LiveReload server
2019-04-02 00:04:01.022 DEBUG 79684 --- [restartedMain] o.s.w.s.handler.SimpleUrlHandlerMapping  : Patterns [/**/favicon.ico] in 'faviconHandlerMapping'
2019-04-02 00:04:01.167  INFO 79684 --- [restartedMain] o.s.s.concurrent.ThreadPoolTaskExecutor  : Initializing ExecutorService 'applicationTaskExecutor'
2019-04-02 00:04:01.179 DEBUG 79684 --- [restartedMain] s.w.s.m.m.a.RequestMappingHandlerAdapter : ControllerAdvice beans: 0 @ModelAttribute, 0 @InitBinder, 1 RequestBodyAdvice, 1 ResponseBodyAdvice
2019-04-02 00:04:01.202  WARN 79684 --- [restartedMain] aWebConfiguration$JpaWebMvcConfiguration : spring.jpa.open-in-view is enabled by default. Therefore, database queries may be performed during view rendering. Explicitly configure spring.jpa.open-in-view to disable this warning
2019-04-02 00:04:01.248 DEBUG 79684 --- [restartedMain] s.w.s.m.m.a.RequestMappingHandlerMapping : 9 mappings in 'requestMappingHandlerMapping'
2019-04-02 00:04:01.262 DEBUG 79684 --- [restartedMain] o.s.w.s.handler.SimpleUrlHandlerMapping  : Patterns [/webjars/**, /**] in 'resourceHandlerMapping'
2019-04-02 00:04:01.273 DEBUG 79684 --- [restartedMain] .m.m.a.ExceptionHandlerExceptionResolver : ControllerAdvice beans: 0 @ExceptionHandler, 1 ResponseBodyAdvice
2019-04-02 00:04:01.517  INFO 79684 --- [restartedMain] o.s.b.a.e.web.EndpointLinksResolver      : Exposing 2 endpoint(s) beneath base path '/actuator'
2019-04-02 00:04:01.608  INFO 79684 --- [restartedMain] o.s.b.w.embedded.tomcat.TomcatWebServer  : Tomcat started on port(s): 8080 (http) with context path ''
2019-04-02 00:04:01.612  INFO 79684 --- [restartedMain] com.ssns.SsnsApplication                 : Started SsnsApplication in 8.026 seconds (JVM running for 9.49)
2019-04-02 00:04:01.896  INFO 79684 --- [RMI TCP Connection(2)-192.168.0.39] o.a.c.c.C.[Tomcat].[localhost].[/]       : Initializing Spring DispatcherServlet 'dispatcherServlet'
2019-04-02 00:04:01.897  INFO 79684 --- [RMI TCP Connection(2)-192.168.0.39] o.s.web.servlet.DispatcherServlet        : Initializing Servlet 'dispatcherServlet'
2019-04-02 00:04:01.897 DEBUG 79684 --- [RMI TCP Connection(2)-192.168.0.39] o.s.web.servlet.DispatcherServlet        : Detected StandardServletMultipartResolver
2019-04-02 00:04:02.243 DEBUG 79684 --- [RMI TCP Connection(2)-192.168.0.39] o.s.web.servlet.DispatcherServlet        : enableLoggingRequestDetails='false': request parameters and headers will be masked to prevent unsafe logging of potentially sensitive data
2019-04-02 00:04:02.243  INFO 79684 --- [RMI TCP Connection(2)-192.168.0.39] o.s.web.servlet.DispatcherServlet        : Completed initialization in 346 ms
2019-04-02 00:04:22.106 DEBUG 79684 --- [http-nio-8080-exec-1] o.s.web.servlet.DispatcherServlet        : GET "/", parameters={}
2019-04-02 00:04:22.118 DEBUG 79684 --- [http-nio-8080-exec-1] s.w.s.m.m.a.RequestMappingHandlerMapping : Mapped to public java.lang.String com.ssns.Accounts.AccountController.test()
2019-04-02 00:04:22.166 DEBUG 79684 --- [http-nio-8080-exec-1] m.m.a.RequestResponseBodyMethodProcessor : Using 'text/html', given [text/html, application/xhtml+xml, image/webp, image/apng, application/signed-exchange;v=b3, application/xml;q=0.9, */*;q=0.8] and supported [text/plain, */*, text/plain, */*, application/json, application/*+json, application/json, application/*+json]
2019-04-02 00:04:22.167 DEBUG 79684 --- [http-nio-8080-exec-1] m.m.a.RequestResponseBodyMethodProcessor : Writing ["test page"]
2019-04-02 00:04:22.178 DEBUG 79684 --- [http-nio-8080-exec-1] o.s.web.servlet.DispatcherServlet        : Completed 200 OK
2019-04-02 00:04:27.315 DEBUG 79684 --- [http-nio-8080-exec-2] o.s.web.servlet.DispatcherServlet        : GET "/beans", parameters={}
2019-04-02 00:04:27.322 DEBUG 79684 --- [http-nio-8080-exec-2] o.s.w.s.handler.SimpleUrlHandlerMapping  : Mapped to ResourceHttpRequestHandler ["classpath:/META-INF/resources/", "classpath:/resources/", "classpath:/static/", "classpath:/public/", "/"]
2019-04-02 00:04:27.325 DEBUG 79684 --- [http-nio-8080-exec-2] o.s.w.s.r.ResourceHttpRequestHandler     : Resource not found
2019-04-02 00:04:27.325 DEBUG 79684 --- [http-nio-8080-exec-2] o.s.web.servlet.DispatcherServlet        : Completed 404 NOT_FOUND
2019-04-02 00:04:27.334 DEBUG 79684 --- [http-nio-8080-exec-2] o.s.web.servlet.DispatcherServlet        : "ERROR" dispatch for GET "/error", parameters={}
2019-04-02 00:04:27.343 DEBUG 79684 --- [http-nio-8080-exec-2] s.w.s.m.m.a.RequestMappingHandlerMapping : Mapped to public org.springframework.web.servlet.ModelAndView org.springframework.boot.autoconfigure.web.servlet.error.BasicErrorController.errorHtml(javax.servlet.http.HttpServletRequest,javax.servlet.http.HttpServletResponse)
2019-04-02 00:04:27.359 DEBUG 79684 --- [http-nio-8080-exec-2] o.s.w.s.v.ContentNegotiatingViewResolver : Selected 'text/html' given [text/html, text/html;q=0.8]
2019-04-02 00:04:27.366 DEBUG 79684 --- [http-nio-8080-exec-2] o.s.web.servlet.DispatcherServlet        : Exiting from "ERROR" dispatch, status 404
2019-04-02 00:05:55.078 DEBUG 79684 --- [http-nio-8080-exec-5] o.s.web.servlet.DispatcherServlet        : GET "/actuator/beans", parameters={}
2019-04-02 00:05:55.085 DEBUG 79684 --- [http-nio-8080-exec-5] o.s.w.s.handler.SimpleUrlHandlerMapping  : Mapped to ResourceHttpRequestHandler ["classpath:/META-INF/resources/", "classpath:/resources/", "classpath:/static/", "classpath:/public/", "/"]
2019-04-02 00:05:55.089 DEBUG 79684 --- [http-nio-8080-exec-5] o.s.w.s.r.ResourceHttpRequestHandler     : Resource not found
2019-04-02 00:05:55.091 DEBUG 79684 --- [http-nio-8080-exec-5] o.s.web.servlet.DispatcherServlet        : Completed 404 NOT_FOUND
2019-04-02 00:05:55.093 DEBUG 79684 --- [http-nio-8080-exec-5] o.s.web.servlet.DispatcherServlet        : "ERROR" dispatch for GET "/error", parameters={}
2019-04-02 00:05:55.096 DEBUG 79684 --- [http-nio-8080-exec-5] s.w.s.m.m.a.RequestMappingHandlerMapping : Mapped to public org.springframework.web.servlet.ModelAndView org.springframework.boot.autoconfigure.web.servlet.error.BasicErrorController.errorHtml(javax.servlet.http.HttpServletRequest,javax.servlet.http.HttpServletResponse)
2019-04-02 00:05:55.108 DEBUG 79684 --- [http-nio-8080-exec-5] o.s.w.s.v.ContentNegotiatingViewResolver : Selected 'text/html' given [text/html, text/html;q=0.8]
2019-04-02 00:05:55.109 DEBUG 79684 --- [http-nio-8080-exec-5] o.s.web.servlet.DispatcherServlet        : Exiting from "ERROR" dispatch, status 404
2019-04-02 00:06:01.435 DEBUG 79684 --- [http-nio-8080-exec-6] o.s.web.servlet.DispatcherServlet        : GET "/actuator/health", parameters={}
2019-04-02 00:06:01.456 DEBUG 79684 --- [http-nio-8080-exec-6] o.s.w.s.m.m.a.HttpEntityMethodProcessor  : Using 'application/vnd.spring-boot.actuator.v2+json;q=0.8', given [text/html, application/xhtml+xml, image/webp, image/apng, application/signed-exchange;v=b3, application/xml;q=0.9, */*;q=0.8] and supported [application/vnd.spring-boot.actuator.v2+json, application/json]
2019-04-02 00:06:01.457 DEBUG 79684 --- [http-nio-8080-exec-6] o.s.w.s.m.m.a.HttpEntityMethodProcessor  : Writing [UP {}]
2019-04-02 00:06:01.472 DEBUG 79684 --- [http-nio-8080-exec-6] o.s.web.servlet.DispatcherServlet        : Completed 200 OK
2019-04-02 00:14:00.389  INFO 67989 --- [Thread-21] o.s.s.concurrent.ThreadPoolTaskExecutor  : Shutting down ExecutorService 'applicationTaskExecutor'
2019-04-02 00:14:00.392  INFO 67989 --- [Thread-21] j.LocalContainerEntityManagerFactoryBean : Closing JPA EntityManagerFactory for persistence unit 'default'
2019-04-02 00:14:00.392  INFO 67989 --- [Thread-21] .SchemaDropperImpl$DelayedDropActionImpl : HHH000477: Starting delayed evictData of schema as part of SessionFactory shut-down'
2019-04-02 00:14:00.397  INFO 67989 --- [Thread-21] o.s.b.f.support.DisposableBeanAdapter    : Invocation of destroy method failed on bean with name 'inMemoryDatabaseShutdownExecutor': org.h2.jdbc.JdbcSQLException: Database is already closed (to disable automatic closing at VM shutdown, add ";DB_CLOSE_ON_EXIT=FALSE" to the db URL) [90121-197]
2019-04-02 00:14:00.397  INFO 67989 --- [Thread-21] com.zaxxer.hikari.HikariDataSource       : HikariPool-3 - Shutdown initiated...
2019-04-02 00:14:00.400  INFO 67989 --- [Thread-21] com.zaxxer.hikari.HikariDataSource       : HikariPool-3 - Shutdown completed.
2019-04-02 00:14:04.803  INFO 79684 --- [Thread-25] o.s.s.concurrent.ThreadPoolTaskExecutor  : Shutting down ExecutorService 'applicationTaskExecutor'
2019-04-02 00:14:04.806  INFO 79684 --- [Thread-25] j.LocalContainerEntityManagerFactoryBean : Closing JPA EntityManagerFactory for persistence unit 'default'
2019-04-02 00:14:04.808  INFO 79684 --- [Thread-25] .SchemaDropperImpl$DelayedDropActionImpl : HHH000477: Starting delayed evictData of schema as part of SessionFactory shut-down'
2019-04-02 00:14:04.830  INFO 79684 --- [Thread-25] o.s.b.f.support.DisposableBeanAdapter    : Invocation of destroy method failed on bean with name 'inMemoryDatabaseShutdownExecutor': org.h2.jdbc.JdbcSQLException: Database is already closed (to disable automatic closing at VM shutdown, add ";DB_CLOSE_ON_EXIT=FALSE" to the db URL) [90121-197]
2019-04-02 00:14:04.831  INFO 79684 --- [Thread-25] com.zaxxer.hikari.HikariDataSource       : HikariPool-1 - Shutdown initiated...
2019-04-02 00:14:04.836  INFO 79684 --- [Thread-25] com.zaxxer.hikari.HikariDataSource       : HikariPool-1 - Shutdown completed.
2019-04-02 00:14:08.080  INFO 80465 --- [restartedMain] com.ssns.SsnsApplication                 : Starting SsnsApplication on gimseonghun-ui-MacBook-Pro.local with PID 80465 (/Users/gimseonghun/Documents/ssns/out/production/classes started by gimseonghun in /Users/gimseonghun/Documents/ssns)
2019-04-02 00:14:08.090  INFO 80465 --- [restartedMain] com.ssns.SsnsApplication                 : The following profiles are active: set1
2019-04-02 00:14:08.178  INFO 80465 --- [restartedMain] .e.DevToolsPropertyDefaultsPostProcessor : Devtools property defaults active! Set 'spring.devtools.add-properties' to 'false' to disable
2019-04-02 00:14:08.179  INFO 80465 --- [restartedMain] .e.DevToolsPropertyDefaultsPostProcessor : For additional web related logging consider setting the 'logging.level.web' property to 'DEBUG'
2019-04-02 00:14:09.451  INFO 80465 --- [restartedMain] .s.d.r.c.RepositoryConfigurationDelegate : Bootstrapping Spring Data repositories in DEFAULT mode.
2019-04-02 00:14:09.546  INFO 80465 --- [restartedMain] .s.d.r.c.RepositoryConfigurationDelegate : Finished Spring Data repository scanning in 85ms. Found 1 repository interfaces.
2019-04-02 00:14:10.004  INFO 80465 --- [restartedMain] trationDelegate$BeanPostProcessorChecker : Bean 'org.springframework.transaction.annotation.ProxyTransactionManagementConfiguration' of type [org.springframework.transaction.annotation.ProxyTransactionManagementConfiguration$$EnhancerBySpringCGLIB$$7ae8ffe4] is not eligible for getting processed by all BeanPostProcessors (for example: not eligible for auto-proxying)
2019-04-02 00:14:10.393  INFO 80465 --- [restartedMain] o.s.b.w.embedded.tomcat.TomcatWebServer  : Tomcat initialized with port(s): 8081 (http)
2019-04-02 00:14:10.416  INFO 80465 --- [restartedMain] o.apache.catalina.core.StandardService   : Starting service [Tomcat]
2019-04-02 00:14:10.417  INFO 80465 --- [restartedMain] org.apache.catalina.core.StandardEngine  : Starting Servlet engine: [Apache Tomcat/9.0.16]
2019-04-02 00:14:10.424  INFO 80465 --- [restartedMain] o.a.catalina.core.AprLifecycleListener   : The APR based Apache Tomcat Native library which allows optimal performance in production environments was not found on the java.library.path: [/Users/gimseonghun/Library/Java/Extensions:/Library/Java/Extensions:/Network/Library/Java/Extensions:/System/Library/Java/Extensions:/usr/lib/java:.]
2019-04-02 00:14:10.501  INFO 80465 --- [restartedMain] o.a.c.c.C.[Tomcat].[localhost].[/]       : Initializing Spring embedded WebApplicationContext
2019-04-02 00:14:10.501 DEBUG 80465 --- [restartedMain] o.s.web.context.ContextLoader            : Published root WebApplicationContext as ServletContext attribute with name [org.springframework.web.context.WebApplicationContext.ROOT]
2019-04-02 00:14:10.502  INFO 80465 --- [restartedMain] o.s.web.context.ContextLoader            : Root WebApplicationContext: initialization completed in 2323 ms
2019-04-02 00:14:11.116  INFO 80465 --- [restartedMain] com.zaxxer.hikari.HikariDataSource       : HikariPool-1 - Starting...
2019-04-02 00:14:11.197  INFO 80465 --- [restartedMain] com.zaxxer.hikari.HikariDataSource       : HikariPool-1 - Start completed.
2019-04-02 00:14:11.247  INFO 80465 --- [restartedMain] o.hibernate.jpa.internal.util.LogHelper  : HHH000204: Processing PersistenceUnitInfo [
	name: default
	...]
2019-04-02 00:14:11.304  INFO 80465 --- [restartedMain] org.hibernate.Version                    : HHH000412: Hibernate Core {5.3.7.Final}
2019-04-02 00:14:11.306  INFO 80465 --- [restartedMain] org.hibernate.cfg.Environment            : HHH000206: hibernate.properties not found
2019-04-02 00:14:11.449  INFO 80465 --- [restartedMain] o.hibernate.annotations.common.Version   : HCANN000001: Hibernate Commons Annotations {5.0.4.Final}
2019-04-02 00:14:11.556  INFO 80465 --- [restartedMain] org.hibernate.dialect.Dialect            : HHH000400: Using dialect: org.hibernate.dialect.MySQL5InnoDBDialect
2019-04-02 00:14:12.181  INFO 80465 --- [restartedMain] o.h.t.schema.internal.SchemaCreatorImpl  : HHH000476: Executing import script 'org.hibernate.tool.schema.internal.exec.ScriptSourceInputNonExistentImpl@4cbd535d'
2019-04-02 00:14:12.184  INFO 80465 --- [restartedMain] j.LocalContainerEntityManagerFactoryBean : Initialized JPA EntityManagerFactory for persistence unit 'default'
2019-04-02 00:14:12.225  INFO 80465 --- [restartedMain] o.s.b.d.a.OptionalLiveReloadServer       : LiveReload server is running on port 35729
2019-04-02 00:14:12.577 DEBUG 80465 --- [restartedMain] o.s.w.s.handler.SimpleUrlHandlerMapping  : Patterns [/**/favicon.ico] in 'faviconHandlerMapping'
2019-04-02 00:14:12.726  INFO 80465 --- [restartedMain] o.s.s.concurrent.ThreadPoolTaskExecutor  : Initializing ExecutorService 'applicationTaskExecutor'
2019-04-02 00:14:12.738 DEBUG 80465 --- [restartedMain] s.w.s.m.m.a.RequestMappingHandlerAdapter : ControllerAdvice beans: 0 @ModelAttribute, 0 @InitBinder, 1 RequestBodyAdvice, 1 ResponseBodyAdvice
2019-04-02 00:14:12.762  WARN 80465 --- [restartedMain] aWebConfiguration$JpaWebMvcConfiguration : spring.jpa.open-in-view is enabled by default. Therefore, database queries may be performed during view rendering. Explicitly configure spring.jpa.open-in-view to disable this warning
2019-04-02 00:14:12.806 DEBUG 80465 --- [restartedMain] s.w.s.m.m.a.RequestMappingHandlerMapping : 9 mappings in 'requestMappingHandlerMapping'
2019-04-02 00:14:12.818 DEBUG 80465 --- [restartedMain] o.s.w.s.handler.SimpleUrlHandlerMapping  : Patterns [/webjars/**, /**] in 'resourceHandlerMapping'
2019-04-02 00:14:12.828 DEBUG 80465 --- [restartedMain] .m.m.a.ExceptionHandlerExceptionResolver : ControllerAdvice beans: 0 @ExceptionHandler, 1 ResponseBodyAdvice
2019-04-02 00:14:13.053  INFO 80465 --- [restartedMain] o.s.b.a.e.web.EndpointLinksResolver      : Exposing 2 endpoint(s) beneath base path '/actuator'
2019-04-02 00:14:13.141  INFO 80465 --- [restartedMain] o.s.b.w.embedded.tomcat.TomcatWebServer  : Tomcat started on port(s): 8081 (http) with context path ''
2019-04-02 00:14:13.145  INFO 80465 --- [restartedMain] com.ssns.SsnsApplication                 : Started SsnsApplication in 5.872 seconds (JVM running for 7.387)
2019-04-02 00:14:13.537  INFO 80465 --- [RMI TCP Connection(3)-192.168.0.39] o.a.c.c.C.[Tomcat].[localhost].[/]       : Initializing Spring DispatcherServlet 'dispatcherServlet'
2019-04-02 00:14:13.537  INFO 80465 --- [RMI TCP Connection(3)-192.168.0.39] o.s.web.servlet.DispatcherServlet        : Initializing Servlet 'dispatcherServlet'
2019-04-02 00:14:13.537 DEBUG 80465 --- [RMI TCP Connection(3)-192.168.0.39] o.s.web.servlet.DispatcherServlet        : Detected StandardServletMultipartResolver
2019-04-02 00:14:13.548 DEBUG 80465 --- [RMI TCP Connection(3)-192.168.0.39] o.s.web.servlet.DispatcherServlet        : enableLoggingRequestDetails='false': request parameters and headers will be masked to prevent unsafe logging of potentially sensitive data
2019-04-02 00:14:13.548  INFO 80465 --- [RMI TCP Connection(3)-192.168.0.39] o.s.web.servlet.DispatcherServlet        : Completed initialization in 11 ms
2019-04-02 00:14:26.316 DEBUG 80465 --- [http-nio-8081-exec-1] o.s.web.servlet.DispatcherServlet        : GET "/actuator/health", parameters={}
2019-04-02 00:14:26.350 DEBUG 80465 --- [http-nio-8081-exec-1] o.s.w.s.m.m.a.HttpEntityMethodProcessor  : Using 'application/vnd.spring-boot.actuator.v2+json;q=0.8', given [text/html, application/xhtml+xml, image/webp, image/apng, application/signed-exchange;v=b3, application/xml;q=0.9, */*;q=0.8] and supported [application/vnd.spring-boot.actuator.v2+json, application/json]
2019-04-02 00:14:26.351 DEBUG 80465 --- [http-nio-8081-exec-1] o.s.w.s.m.m.a.HttpEntityMethodProcessor  : Writing [UP {}]
2019-04-02 00:14:26.367 DEBUG 80465 --- [http-nio-8081-exec-1] o.s.web.servlet.DispatcherServlet        : Completed 200 OK
2019-04-02 00:52:18.967  INFO 80465 --- [Thread-23] o.s.s.concurrent.ThreadPoolTaskExecutor  : Shutting down ExecutorService 'applicationTaskExecutor'
2019-04-02 00:52:18.971  INFO 80465 --- [Thread-23] j.LocalContainerEntityManagerFactoryBean : Closing JPA EntityManagerFactory for persistence unit 'default'
2019-04-02 00:52:18.973  INFO 80465 --- [Thread-23] .SchemaDropperImpl$DelayedDropActionImpl : HHH000477: Starting delayed evictData of schema as part of SessionFactory shut-down'
2019-04-02 00:52:18.991  INFO 80465 --- [Thread-23] o.s.b.f.support.DisposableBeanAdapter    : Invocation of destroy method failed on bean with name 'inMemoryDatabaseShutdownExecutor': org.h2.jdbc.JdbcSQLException: Database is already closed (to disable automatic closing at VM shutdown, add ";DB_CLOSE_ON_EXIT=FALSE" to the db URL) [90121-197]
2019-04-02 00:52:18.992  INFO 80465 --- [Thread-23] com.zaxxer.hikari.HikariDataSource       : HikariPool-1 - Shutdown initiated...
2019-04-02 00:52:18.996  INFO 80465 --- [Thread-23] com.zaxxer.hikari.HikariDataSource       : HikariPool-1 - Shutdown completed.
2019-04-02 00:52:24.544  INFO 83349 --- [restartedMain] com.ssns.SsnsApplication                 : Starting SsnsApplication on gimseonghun-ui-MacBook-Pro.local with PID 83349 (/Users/gimseonghun/Documents/ssns/out/production/classes started by gimseonghun in /Users/gimseonghun/Documents/ssns)
2019-04-02 00:52:24.549  INFO 83349 --- [restartedMain] com.ssns.SsnsApplication                 : The following profiles are active: set1
2019-04-02 00:52:24.661  INFO 83349 --- [restartedMain] .e.DevToolsPropertyDefaultsPostProcessor : Devtools property defaults active! Set 'spring.devtools.add-properties' to 'false' to disable
2019-04-02 00:52:24.662  INFO 83349 --- [restartedMain] .e.DevToolsPropertyDefaultsPostProcessor : For additional web related logging consider setting the 'logging.level.web' property to 'DEBUG'
2019-04-02 00:52:25.915  INFO 83349 --- [restartedMain] .s.d.r.c.RepositoryConfigurationDelegate : Bootstrapping Spring Data repositories in DEFAULT mode.
2019-04-02 00:52:26.011  INFO 83349 --- [restartedMain] .s.d.r.c.RepositoryConfigurationDelegate : Finished Spring Data repository scanning in 86ms. Found 1 repository interfaces.
2019-04-02 00:52:26.446  INFO 83349 --- [restartedMain] trationDelegate$BeanPostProcessorChecker : Bean 'org.springframework.transaction.annotation.ProxyTransactionManagementConfiguration' of type [org.springframework.transaction.annotation.ProxyTransactionManagementConfiguration$$EnhancerBySpringCGLIB$$d49585a7] is not eligible for getting processed by all BeanPostProcessors (for example: not eligible for auto-proxying)
2019-04-02 00:52:26.827  INFO 83349 --- [restartedMain] o.s.b.w.embedded.tomcat.TomcatWebServer  : Tomcat initialized with port(s): 8080 (http)
2019-04-02 00:52:26.848  INFO 83349 --- [restartedMain] o.apache.catalina.core.StandardService   : Starting service [Tomcat]
2019-04-02 00:52:26.848  INFO 83349 --- [restartedMain] org.apache.catalina.core.StandardEngine  : Starting Servlet engine: [Apache Tomcat/9.0.16]
2019-04-02 00:52:26.855  INFO 83349 --- [restartedMain] o.a.catalina.core.AprLifecycleListener   : The APR based Apache Tomcat Native library which allows optimal performance in production environments was not found on the java.library.path: [/Users/gimseonghun/Library/Java/Extensions:/Library/Java/Extensions:/Network/Library/Java/Extensions:/System/Library/Java/Extensions:/usr/lib/java:.]
2019-04-02 00:52:26.929  INFO 83349 --- [restartedMain] o.a.c.c.C.[Tomcat].[localhost].[/]       : Initializing Spring embedded WebApplicationContext
2019-04-02 00:52:26.929 DEBUG 83349 --- [restartedMain] o.s.web.context.ContextLoader            : Published root WebApplicationContext as ServletContext attribute with name [org.springframework.web.context.WebApplicationContext.ROOT]
2019-04-02 00:52:26.930  INFO 83349 --- [restartedMain] o.s.web.context.ContextLoader            : Root WebApplicationContext: initialization completed in 2267 ms
2019-04-02 00:52:27.476  INFO 83349 --- [restartedMain] com.zaxxer.hikari.HikariDataSource       : HikariPool-1 - Starting...
2019-04-02 00:52:27.544  INFO 83349 --- [restartedMain] com.zaxxer.hikari.HikariDataSource       : HikariPool-1 - Start completed.
2019-04-02 00:52:27.589  INFO 83349 --- [restartedMain] o.hibernate.jpa.internal.util.LogHelper  : HHH000204: Processing PersistenceUnitInfo [
	name: default
	...]
2019-04-02 00:52:27.639  INFO 83349 --- [restartedMain] org.hibernate.Version                    : HHH000412: Hibernate Core {5.3.7.Final}
2019-04-02 00:52:27.640  INFO 83349 --- [restartedMain] org.hibernate.cfg.Environment            : HHH000206: hibernate.properties not found
2019-04-02 00:52:27.764  INFO 83349 --- [restartedMain] o.hibernate.annotations.common.Version   : HCANN000001: Hibernate Commons Annotations {5.0.4.Final}
2019-04-02 00:52:27.873  INFO 83349 --- [restartedMain] org.hibernate.dialect.Dialect            : HHH000400: Using dialect: org.hibernate.dialect.MySQL5InnoDBDialect
2019-04-02 00:52:28.489  INFO 83349 --- [restartedMain] o.h.t.schema.internal.SchemaCreatorImpl  : HHH000476: Executing import script 'org.hibernate.tool.schema.internal.exec.ScriptSourceInputNonExistentImpl@da551e5'
2019-04-02 00:52:28.492  INFO 83349 --- [restartedMain] j.LocalContainerEntityManagerFactoryBean : Initialized JPA EntityManagerFactory for persistence unit 'default'
2019-04-02 00:52:28.530  INFO 83349 --- [restartedMain] o.s.b.d.a.OptionalLiveReloadServer       : LiveReload server is running on port 35729
2019-04-02 00:52:28.851 DEBUG 83349 --- [restartedMain] o.s.w.s.handler.SimpleUrlHandlerMapping  : Patterns [/**/favicon.ico] in 'faviconHandlerMapping'
2019-04-02 00:52:28.989  INFO 83349 --- [restartedMain] o.s.s.concurrent.ThreadPoolTaskExecutor  : Initializing ExecutorService 'applicationTaskExecutor'
2019-04-02 00:52:29.001 DEBUG 83349 --- [restartedMain] s.w.s.m.m.a.RequestMappingHandlerAdapter : ControllerAdvice beans: 0 @ModelAttribute, 0 @InitBinder, 1 RequestBodyAdvice, 1 ResponseBodyAdvice
2019-04-02 00:52:29.020  WARN 83349 --- [restartedMain] aWebConfiguration$JpaWebMvcConfiguration : spring.jpa.open-in-view is enabled by default. Therefore, database queries may be performed during view rendering. Explicitly configure spring.jpa.open-in-view to disable this warning
2019-04-02 00:52:29.055 DEBUG 83349 --- [restartedMain] s.w.s.m.m.a.RequestMappingHandlerMapping : 9 mappings in 'requestMappingHandlerMapping'
2019-04-02 00:52:29.069 DEBUG 83349 --- [restartedMain] o.s.w.s.handler.SimpleUrlHandlerMapping  : Patterns [/webjars/**, /**] in 'resourceHandlerMapping'
2019-04-02 00:52:29.078 DEBUG 83349 --- [restartedMain] .m.m.a.ExceptionHandlerExceptionResolver : ControllerAdvice beans: 0 @ExceptionHandler, 1 ResponseBodyAdvice
2019-04-02 00:52:29.313  INFO 83349 --- [restartedMain] o.s.b.a.e.web.EndpointLinksResolver      : Exposing 2 endpoint(s) beneath base path '/actuator'
2019-04-02 00:52:29.401  INFO 83349 --- [restartedMain] o.s.b.w.embedded.tomcat.TomcatWebServer  : Tomcat started on port(s): 8080 (http) with context path ''
2019-04-02 00:52:29.404  INFO 83349 --- [restartedMain] com.ssns.SsnsApplication                 : Started SsnsApplication in 5.702 seconds (JVM running for 6.685)
2019-04-02 00:52:29.930  INFO 83349 --- [RMI TCP Connection(2)-192.168.0.39] o.a.c.c.C.[Tomcat].[localhost].[/]       : Initializing Spring DispatcherServlet 'dispatcherServlet'
2019-04-02 00:52:29.931  INFO 83349 --- [RMI TCP Connection(2)-192.168.0.39] o.s.web.servlet.DispatcherServlet        : Initializing Servlet 'dispatcherServlet'
2019-04-02 00:52:29.932 DEBUG 83349 --- [RMI TCP Connection(2)-192.168.0.39] o.s.web.servlet.DispatcherServlet        : Detected StandardServletMultipartResolver
2019-04-02 00:52:29.943 DEBUG 83349 --- [RMI TCP Connection(2)-192.168.0.39] o.s.web.servlet.DispatcherServlet        : enableLoggingRequestDetails='false': request parameters and headers will be masked to prevent unsafe logging of potentially sensitive data
2019-04-02 00:52:29.943  INFO 83349 --- [RMI TCP Connection(2)-192.168.0.39] o.s.web.servlet.DispatcherServlet        : Completed initialization in 11 ms
2019-04-02 00:52:43.030  INFO 83349 --- [Thread-22] o.s.s.concurrent.ThreadPoolTaskExecutor  : Shutting down ExecutorService 'applicationTaskExecutor'
2019-04-02 00:52:43.031  INFO 83349 --- [Thread-22] j.LocalContainerEntityManagerFactoryBean : Closing JPA EntityManagerFactory for persistence unit 'default'
2019-04-02 00:52:43.032  INFO 83349 --- [Thread-22] .SchemaDropperImpl$DelayedDropActionImpl : HHH000477: Starting delayed evictData of schema as part of SessionFactory shut-down'
2019-04-02 00:52:43.040  INFO 83349 --- [Thread-22] o.s.b.f.support.DisposableBeanAdapter    : Invocation of destroy method failed on bean with name 'inMemoryDatabaseShutdownExecutor': org.h2.jdbc.JdbcSQLException: Database is already closed (to disable automatic closing at VM shutdown, add ";DB_CLOSE_ON_EXIT=FALSE" to the db URL) [90121-197]
2019-04-02 00:52:43.040  INFO 83349 --- [Thread-22] com.zaxxer.hikari.HikariDataSource       : HikariPool-1 - Shutdown initiated...
2019-04-02 00:52:43.044  INFO 83349 --- [Thread-22] com.zaxxer.hikari.HikariDataSource       : HikariPool-1 - Shutdown completed.
2019-04-02 00:52:46.554 DEBUG 83381 --- [background-preinit] .h.v.m.ResourceBundleMessageInterpolator : Loaded expression factory via original TCCL
2019-04-02 00:52:46.721  INFO 83381 --- [restartedMain] com.ssns.SsnsApplication                 : Starting SsnsApplication on gimseonghun-ui-MacBook-Pro.local with PID 83381 (/Users/gimseonghun/Documents/ssns/out/production/classes started by gimseonghun in /Users/gimseonghun/Documents/ssns)
2019-04-02 00:52:46.722  INFO 83381 --- [restartedMain] com.ssns.SsnsApplication                 : The following profiles are active: set1
2019-04-02 00:52:46.893  INFO 83381 --- [restartedMain] .e.DevToolsPropertyDefaultsPostProcessor : Devtools property defaults active! Set 'spring.devtools.add-properties' to 'false' to disable
2019-04-02 00:52:46.893  INFO 83381 --- [restartedMain] .e.DevToolsPropertyDefaultsPostProcessor : For additional web related logging consider setting the 'logging.level.web' property to 'DEBUG'
2019-04-02 00:52:48.183  INFO 83381 --- [restartedMain] .s.d.r.c.RepositoryConfigurationDelegate : Bootstrapping Spring Data repositories in DEFAULT mode.
2019-04-02 00:52:48.273  INFO 83381 --- [restartedMain] .s.d.r.c.RepositoryConfigurationDelegate : Finished Spring Data repository scanning in 78ms. Found 1 repository interfaces.
2019-04-02 00:52:48.717  INFO 83381 --- [restartedMain] trationDelegate$BeanPostProcessorChecker : Bean 'org.springframework.transaction.annotation.ProxyTransactionManagementConfiguration' of type [org.springframework.transaction.annotation.ProxyTransactionManagementConfiguration$$EnhancerBySpringCGLIB$$e5195576] is not eligible for getting processed by all BeanPostProcessors (for example: not eligible for auto-proxying)
2019-04-02 00:52:49.094  INFO 83381 --- [restartedMain] o.s.b.w.embedded.tomcat.TomcatWebServer  : Tomcat initialized with port(s): 8080 (http)
2019-04-02 00:52:49.116  INFO 83381 --- [restartedMain] o.apache.catalina.core.StandardService   : Starting service [Tomcat]
2019-04-02 00:52:49.117  INFO 83381 --- [restartedMain] org.apache.catalina.core.StandardEngine  : Starting Servlet engine: [Apache Tomcat/9.0.16]
2019-04-02 00:52:49.125  INFO 83381 --- [restartedMain] o.a.catalina.core.AprLifecycleListener   : The APR based Apache Tomcat Native library which allows optimal performance in production environments was not found on the java.library.path: [/Users/gimseonghun/Library/Java/Extensions:/Library/Java/Extensions:/Network/Library/Java/Extensions:/System/Library/Java/Extensions:/usr/lib/java:.]
2019-04-02 00:52:49.200  INFO 83381 --- [restartedMain] o.a.c.c.C.[Tomcat].[localhost].[/]       : Initializing Spring embedded WebApplicationContext
2019-04-02 00:52:49.201 DEBUG 83381 --- [restartedMain] o.s.web.context.ContextLoader            : Published root WebApplicationContext as ServletContext attribute with name [org.springframework.web.context.WebApplicationContext.ROOT]
2019-04-02 00:52:49.201  INFO 83381 --- [restartedMain] o.s.web.context.ContextLoader            : Root WebApplicationContext: initialization completed in 2307 ms
2019-04-02 00:52:49.757  INFO 83381 --- [restartedMain] com.zaxxer.hikari.HikariDataSource       : HikariPool-1 - Starting...
2019-04-02 00:52:49.832  INFO 83381 --- [restartedMain] com.zaxxer.hikari.HikariDataSource       : HikariPool-1 - Start completed.
2019-04-02 00:52:49.882  INFO 83381 --- [restartedMain] o.hibernate.jpa.internal.util.LogHelper  : HHH000204: Processing PersistenceUnitInfo [
	name: default
	...]
2019-04-02 00:52:49.948  INFO 83381 --- [restartedMain] org.hibernate.Version                    : HHH000412: Hibernate Core {5.3.7.Final}
2019-04-02 00:52:49.949  INFO 83381 --- [restartedMain] org.hibernate.cfg.Environment            : HHH000206: hibernate.properties not found
2019-04-02 00:52:50.080  INFO 83381 --- [restartedMain] o.hibernate.annotations.common.Version   : HCANN000001: Hibernate Commons Annotations {5.0.4.Final}
2019-04-02 00:52:50.184  INFO 83381 --- [restartedMain] org.hibernate.dialect.Dialect            : HHH000400: Using dialect: org.hibernate.dialect.MySQL5InnoDBDialect
2019-04-02 00:52:50.747  INFO 83381 --- [restartedMain] o.h.t.schema.internal.SchemaCreatorImpl  : HHH000476: Executing import script 'org.hibernate.tool.schema.internal.exec.ScriptSourceInputNonExistentImpl@3915c45'
2019-04-02 00:52:50.750  INFO 83381 --- [restartedMain] j.LocalContainerEntityManagerFactoryBean : Initialized JPA EntityManagerFactory for persistence unit 'default'
2019-04-02 00:52:50.790  INFO 83381 --- [restartedMain] o.s.b.d.a.OptionalLiveReloadServer       : LiveReload server is running on port 35729
2019-04-02 00:52:51.118 DEBUG 83381 --- [restartedMain] o.s.w.s.handler.SimpleUrlHandlerMapping  : Patterns [/**/favicon.ico] in 'faviconHandlerMapping'
2019-04-02 00:52:51.267  INFO 83381 --- [restartedMain] o.s.s.concurrent.ThreadPoolTaskExecutor  : Initializing ExecutorService 'applicationTaskExecutor'
2019-04-02 00:52:51.279 DEBUG 83381 --- [restartedMain] s.w.s.m.m.a.RequestMappingHandlerAdapter : ControllerAdvice beans: 0 @ModelAttribute, 0 @InitBinder, 1 RequestBodyAdvice, 1 ResponseBodyAdvice
2019-04-02 00:52:51.300  WARN 83381 --- [restartedMain] aWebConfiguration$JpaWebMvcConfiguration : spring.jpa.open-in-view is enabled by default. Therefore, database queries may be performed during view rendering. Explicitly configure spring.jpa.open-in-view to disable this warning
2019-04-02 00:52:51.340 DEBUG 83381 --- [restartedMain] s.w.s.m.m.a.RequestMappingHandlerMapping : 9 mappings in 'requestMappingHandlerMapping'
2019-04-02 00:52:51.352 DEBUG 83381 --- [restartedMain] o.s.w.s.handler.SimpleUrlHandlerMapping  : Patterns [/webjars/**, /**] in 'resourceHandlerMapping'
2019-04-02 00:52:51.362 DEBUG 83381 --- [restartedMain] .m.m.a.ExceptionHandlerExceptionResolver : ControllerAdvice beans: 0 @ExceptionHandler, 1 ResponseBodyAdvice
2019-04-02 00:52:51.583  INFO 83381 --- [restartedMain] o.s.b.a.e.web.EndpointLinksResolver      : Exposing 2 endpoint(s) beneath base path '/actuator'
2019-04-02 00:52:51.671  INFO 83381 --- [restartedMain] o.s.b.w.embedded.tomcat.TomcatWebServer  : Tomcat started on port(s): 8080 (http) with context path ''
2019-04-02 00:52:51.675  INFO 83381 --- [restartedMain] com.ssns.SsnsApplication                 : Started SsnsApplication in 5.594 seconds (JVM running for 6.561)
2019-04-02 00:52:52.304  INFO 83381 --- [RMI TCP Connection(2)-192.168.0.39] o.a.c.c.C.[Tomcat].[localhost].[/]       : Initializing Spring DispatcherServlet 'dispatcherServlet'
2019-04-02 00:52:52.305  INFO 83381 --- [RMI TCP Connection(2)-192.168.0.39] o.s.web.servlet.DispatcherServlet        : Initializing Servlet 'dispatcherServlet'
2019-04-02 00:52:52.306 DEBUG 83381 --- [RMI TCP Connection(2)-192.168.0.39] o.s.web.servlet.DispatcherServlet        : Detected StandardServletMultipartResolver
2019-04-02 00:52:52.377 DEBUG 83381 --- [RMI TCP Connection(2)-192.168.0.39] o.s.web.servlet.DispatcherServlet        : enableLoggingRequestDetails='false': request parameters and headers will be masked to prevent unsafe logging of potentially sensitive data
2019-04-02 00:52:52.377  INFO 83381 --- [RMI TCP Connection(2)-192.168.0.39] o.s.web.servlet.DispatcherServlet        : Completed initialization in 72 ms
2019-04-02 00:56:19.845  INFO 83381 --- [Thread-22] o.s.s.concurrent.ThreadPoolTaskExecutor  : Shutting down ExecutorService 'applicationTaskExecutor'
2019-04-02 00:56:19.846  INFO 83381 --- [Thread-22] j.LocalContainerEntityManagerFactoryBean : Closing JPA EntityManagerFactory for persistence unit 'default'
2019-04-02 00:56:19.846  INFO 83381 --- [Thread-22] .SchemaDropperImpl$DelayedDropActionImpl : HHH000477: Starting delayed evictData of schema as part of SessionFactory shut-down'
2019-04-02 00:56:19.857  INFO 83381 --- [Thread-22] o.s.b.f.support.DisposableBeanAdapter    : Invocation of destroy method failed on bean with name 'inMemoryDatabaseShutdownExecutor': org.h2.jdbc.JdbcSQLException: Database is already closed (to disable automatic closing at VM shutdown, add ";DB_CLOSE_ON_EXIT=FALSE" to the db URL) [90121-197]
2019-04-02 00:56:19.858  INFO 83381 --- [Thread-22] com.zaxxer.hikari.HikariDataSource       : HikariPool-1 - Shutdown initiated...
2019-04-02 00:56:19.862  INFO 83381 --- [Thread-22] com.zaxxer.hikari.HikariDataSource       : HikariPool-1 - Shutdown completed.
2019-04-02 00:56:23.692  INFO 83652 --- [restartedMain] com.ssns.SsnsApplication                 : Starting SsnsApplication on gimseonghun-ui-MacBook-Pro.local with PID 83652 (/Users/gimseonghun/Documents/ssns/out/production/classes started by gimseonghun in /Users/gimseonghun/Documents/ssns)
2019-04-02 00:56:23.696  INFO 83652 --- [restartedMain] com.ssns.SsnsApplication                 : The following profiles are active: set1
2019-04-02 00:56:23.783  INFO 83652 --- [restartedMain] .e.DevToolsPropertyDefaultsPostProcessor : Devtools property defaults active! Set 'spring.devtools.add-properties' to 'false' to disable
2019-04-02 00:56:23.784  INFO 83652 --- [restartedMain] .e.DevToolsPropertyDefaultsPostProcessor : For additional web related logging consider setting the 'logging.level.web' property to 'DEBUG'
2019-04-02 00:56:25.037  INFO 83652 --- [restartedMain] .s.d.r.c.RepositoryConfigurationDelegate : Bootstrapping Spring Data repositories in DEFAULT mode.
2019-04-02 00:56:25.103  INFO 83652 --- [restartedMain] .s.d.r.c.RepositoryConfigurationDelegate : Finished Spring Data repository scanning in 59ms. Found 1 repository interfaces.
2019-04-02 00:56:25.558  INFO 83652 --- [restartedMain] trationDelegate$BeanPostProcessorChecker : Bean 'org.springframework.transaction.annotation.ProxyTransactionManagementConfiguration' of type [org.springframework.transaction.annotation.ProxyTransactionManagementConfiguration$$EnhancerBySpringCGLIB$$730db882] is not eligible for getting processed by all BeanPostProcessors (for example: not eligible for auto-proxying)
2019-04-02 00:56:25.921  INFO 83652 --- [restartedMain] o.s.b.w.embedded.tomcat.TomcatWebServer  : Tomcat initialized with port(s): 8080 (http)
2019-04-02 00:56:25.941  INFO 83652 --- [restartedMain] o.apache.catalina.core.StandardService   : Starting service [Tomcat]
2019-04-02 00:56:25.942  INFO 83652 --- [restartedMain] org.apache.catalina.core.StandardEngine  : Starting Servlet engine: [Apache Tomcat/9.0.16]
2019-04-02 00:56:25.947  INFO 83652 --- [restartedMain] o.a.catalina.core.AprLifecycleListener   : The APR based Apache Tomcat Native library which allows optimal performance in production environments was not found on the java.library.path: [/Users/gimseonghun/Library/Java/Extensions:/Library/Java/Extensions:/Network/Library/Java/Extensions:/System/Library/Java/Extensions:/usr/lib/java:.]
2019-04-02 00:56:26.031  INFO 83652 --- [restartedMain] o.a.c.c.C.[Tomcat].[localhost].[/]       : Initializing Spring embedded WebApplicationContext
2019-04-02 00:56:26.031 DEBUG 83652 --- [restartedMain] o.s.web.context.ContextLoader            : Published root WebApplicationContext as ServletContext attribute with name [org.springframework.web.context.WebApplicationContext.ROOT]
2019-04-02 00:56:26.032  INFO 83652 --- [restartedMain] o.s.web.context.ContextLoader            : Root WebApplicationContext: initialization completed in 2248 ms
2019-04-02 00:56:26.639  INFO 83652 --- [restartedMain] com.zaxxer.hikari.HikariDataSource       : HikariPool-1 - Starting...
2019-04-02 00:56:26.713  INFO 83652 --- [restartedMain] com.zaxxer.hikari.HikariDataSource       : HikariPool-1 - Start completed.
2019-04-02 00:56:26.758  INFO 83652 --- [restartedMain] o.hibernate.jpa.internal.util.LogHelper  : HHH000204: Processing PersistenceUnitInfo [
	name: default
	...]
2019-04-02 00:56:26.808  INFO 83652 --- [restartedMain] org.hibernate.Version                    : HHH000412: Hibernate Core {5.3.7.Final}
2019-04-02 00:56:26.809  INFO 83652 --- [restartedMain] org.hibernate.cfg.Environment            : HHH000206: hibernate.properties not found
2019-04-02 00:56:26.945  INFO 83652 --- [restartedMain] o.hibernate.annotations.common.Version   : HCANN000001: Hibernate Commons Annotations {5.0.4.Final}
2019-04-02 00:56:27.062  INFO 83652 --- [restartedMain] org.hibernate.dialect.Dialect            : HHH000400: Using dialect: org.hibernate.dialect.MySQL5InnoDBDialect
2019-04-02 00:56:27.648  INFO 83652 --- [restartedMain] o.h.t.schema.internal.SchemaCreatorImpl  : HHH000476: Executing import script 'org.hibernate.tool.schema.internal.exec.ScriptSourceInputNonExistentImpl@2410b1ba'
2019-04-02 00:56:27.651  INFO 83652 --- [restartedMain] j.LocalContainerEntityManagerFactoryBean : Initialized JPA EntityManagerFactory for persistence unit 'default'
2019-04-02 00:56:27.691  INFO 83652 --- [restartedMain] o.s.b.d.a.OptionalLiveReloadServer       : LiveReload server is running on port 35729
2019-04-02 00:56:28.050 DEBUG 83652 --- [restartedMain] o.s.w.s.handler.SimpleUrlHandlerMapping  : Patterns [/**/favicon.ico] in 'faviconHandlerMapping'
2019-04-02 00:56:28.195  INFO 83652 --- [restartedMain] o.s.s.concurrent.ThreadPoolTaskExecutor  : Initializing ExecutorService 'applicationTaskExecutor'
2019-04-02 00:56:28.209 DEBUG 83652 --- [restartedMain] s.w.s.m.m.a.RequestMappingHandlerAdapter : ControllerAdvice beans: 0 @ModelAttribute, 0 @InitBinder, 1 RequestBodyAdvice, 1 ResponseBodyAdvice
2019-04-02 00:56:28.230  WARN 83652 --- [restartedMain] aWebConfiguration$JpaWebMvcConfiguration : spring.jpa.open-in-view is enabled by default. Therefore, database queries may be performed during view rendering. Explicitly configure spring.jpa.open-in-view to disable this warning
2019-04-02 00:56:28.284 DEBUG 83652 --- [restartedMain] s.w.s.m.m.a.RequestMappingHandlerMapping : 9 mappings in 'requestMappingHandlerMapping'
2019-04-02 00:56:28.297 DEBUG 83652 --- [restartedMain] o.s.w.s.handler.SimpleUrlHandlerMapping  : Patterns [/webjars/**, /**] in 'resourceHandlerMapping'
2019-04-02 00:56:28.309 DEBUG 83652 --- [restartedMain] .m.m.a.ExceptionHandlerExceptionResolver : ControllerAdvice beans: 0 @ExceptionHandler, 1 ResponseBodyAdvice
2019-04-02 00:56:28.640  INFO 83652 --- [restartedMain] o.s.b.a.e.web.EndpointLinksResolver      : Exposing 2 endpoint(s) beneath base path '/actuator'
2019-04-02 00:56:28.746  INFO 83652 --- [restartedMain] o.s.b.w.embedded.tomcat.TomcatWebServer  : Tomcat started on port(s): 8080 (http) with context path ''
2019-04-02 00:56:28.750  INFO 83652 --- [restartedMain] com.ssns.SsnsApplication                 : Started SsnsApplication in 5.829 seconds (JVM running for 6.757)
2019-04-02 00:56:28.972  INFO 83652 --- [RMI TCP Connection(3)-192.168.0.39] o.a.c.c.C.[Tomcat].[localhost].[/]       : Initializing Spring DispatcherServlet 'dispatcherServlet'
2019-04-02 00:56:28.972  INFO 83652 --- [RMI TCP Connection(3)-192.168.0.39] o.s.web.servlet.DispatcherServlet        : Initializing Servlet 'dispatcherServlet'
2019-04-02 00:56:28.973 DEBUG 83652 --- [RMI TCP Connection(3)-192.168.0.39] o.s.web.servlet.DispatcherServlet        : Detected StandardServletMultipartResolver
2019-04-02 00:56:28.983 DEBUG 83652 --- [RMI TCP Connection(3)-192.168.0.39] o.s.web.servlet.DispatcherServlet        : enableLoggingRequestDetails='false': request parameters and headers will be masked to prevent unsafe logging of potentially sensitive data
2019-04-02 00:56:28.983  INFO 83652 --- [RMI TCP Connection(3)-192.168.0.39] o.s.web.servlet.DispatcherServlet        : Completed initialization in 11 ms
2019-04-02 00:59:18.534  INFO 83652 --- [Thread-22] o.s.s.concurrent.ThreadPoolTaskExecutor  : Shutting down ExecutorService 'applicationTaskExecutor'
2019-04-02 00:59:18.535  INFO 83652 --- [Thread-22] j.LocalContainerEntityManagerFactoryBean : Closing JPA EntityManagerFactory for persistence unit 'default'
2019-04-02 00:59:18.536  INFO 83652 --- [Thread-22] .SchemaDropperImpl$DelayedDropActionImpl : HHH000477: Starting delayed evictData of schema as part of SessionFactory shut-down'
2019-04-02 00:59:18.544  INFO 83652 --- [Thread-22] o.s.b.f.support.DisposableBeanAdapter    : Invocation of destroy method failed on bean with name 'inMemoryDatabaseShutdownExecutor': org.h2.jdbc.JdbcSQLException: Database is already closed (to disable automatic closing at VM shutdown, add ";DB_CLOSE_ON_EXIT=FALSE" to the db URL) [90121-197]
2019-04-02 00:59:18.545  INFO 83652 --- [Thread-22] com.zaxxer.hikari.HikariDataSource       : HikariPool-1 - Shutdown initiated...
2019-04-02 00:59:18.549  INFO 83652 --- [Thread-22] com.zaxxer.hikari.HikariDataSource       : HikariPool-1 - Shutdown completed.
2019-04-02 00:59:23.867  INFO 83891 --- [restartedMain] com.ssns.SsnsApplication                 : Starting SsnsApplication on gimseonghun-ui-MacBook-Pro.local with PID 83891 (/Users/gimseonghun/Documents/ssns/out/production/classes started by gimseonghun in /Users/gimseonghun/Documents/ssns)
2019-04-02 00:59:23.870  INFO 83891 --- [restartedMain] com.ssns.SsnsApplication                 : The following profiles are active: set1
2019-04-02 00:59:23.954  INFO 83891 --- [restartedMain] .e.DevToolsPropertyDefaultsPostProcessor : Devtools property defaults active! Set 'spring.devtools.add-properties' to 'false' to disable
2019-04-02 00:59:23.955  INFO 83891 --- [restartedMain] .e.DevToolsPropertyDefaultsPostProcessor : For additional web related logging consider setting the 'logging.level.web' property to 'DEBUG'
2019-04-02 00:59:25.348  INFO 83891 --- [restartedMain] .s.d.r.c.RepositoryConfigurationDelegate : Bootstrapping Spring Data repositories in DEFAULT mode.
2019-04-02 00:59:25.423  INFO 83891 --- [restartedMain] .s.d.r.c.RepositoryConfigurationDelegate : Finished Spring Data repository scanning in 64ms. Found 1 repository interfaces.
2019-04-02 00:59:25.802  INFO 83891 --- [restartedMain] trationDelegate$BeanPostProcessorChecker : Bean 'org.springframework.transaction.annotation.ProxyTransactionManagementConfiguration' of type [org.springframework.transaction.annotation.ProxyTransactionManagementConfiguration$$EnhancerBySpringCGLIB$$11a721ed] is not eligible for getting processed by all BeanPostProcessors (for example: not eligible for auto-proxying)
2019-04-02 00:59:26.208  INFO 83891 --- [restartedMain] o.s.b.w.embedded.tomcat.TomcatWebServer  : Tomcat initialized with port(s): 8081 (http)
2019-04-02 00:59:26.230  INFO 83891 --- [restartedMain] o.apache.catalina.core.StandardService   : Starting service [Tomcat]
2019-04-02 00:59:26.231  INFO 83891 --- [restartedMain] org.apache.catalina.core.StandardEngine  : Starting Servlet engine: [Apache Tomcat/9.0.16]
2019-04-02 00:59:26.237  INFO 83891 --- [restartedMain] o.a.catalina.core.AprLifecycleListener   : The APR based Apache Tomcat Native library which allows optimal performance in production environments was not found on the java.library.path: [/Users/gimseonghun/Library/Java/Extensions:/Library/Java/Extensions:/Network/Library/Java/Extensions:/System/Library/Java/Extensions:/usr/lib/java:.]
2019-04-02 00:59:26.312  INFO 83891 --- [restartedMain] o.a.c.c.C.[Tomcat].[localhost].[/]       : Initializing Spring embedded WebApplicationContext
2019-04-02 00:59:26.313 DEBUG 83891 --- [restartedMain] o.s.web.context.ContextLoader            : Published root WebApplicationContext as ServletContext attribute with name [org.springframework.web.context.WebApplicationContext.ROOT]
2019-04-02 00:59:26.313  INFO 83891 --- [restartedMain] o.s.web.context.ContextLoader            : Root WebApplicationContext: initialization completed in 2357 ms
2019-04-02 00:59:26.863  INFO 83891 --- [restartedMain] com.zaxxer.hikari.HikariDataSource       : HikariPool-1 - Starting...
2019-04-02 00:59:26.938  INFO 83891 --- [restartedMain] com.zaxxer.hikari.HikariDataSource       : HikariPool-1 - Start completed.
2019-04-02 00:59:26.984  INFO 83891 --- [restartedMain] o.hibernate.jpa.internal.util.LogHelper  : HHH000204: Processing PersistenceUnitInfo [
	name: default
	...]
2019-04-02 00:59:27.032  INFO 83891 --- [restartedMain] org.hibernate.Version                    : HHH000412: Hibernate Core {5.3.7.Final}
2019-04-02 00:59:27.034  INFO 83891 --- [restartedMain] org.hibernate.cfg.Environment            : HHH000206: hibernate.properties not found
2019-04-02 00:59:27.160  INFO 83891 --- [restartedMain] o.hibernate.annotations.common.Version   : HCANN000001: Hibernate Commons Annotations {5.0.4.Final}
2019-04-02 00:59:27.270  INFO 83891 --- [restartedMain] org.hibernate.dialect.Dialect            : HHH000400: Using dialect: org.hibernate.dialect.MySQL5InnoDBDialect
2019-04-02 00:59:27.850  INFO 83891 --- [restartedMain] o.h.t.schema.internal.SchemaCreatorImpl  : HHH000476: Executing import script 'org.hibernate.tool.schema.internal.exec.ScriptSourceInputNonExistentImpl@f057c12'
2019-04-02 00:59:27.853  INFO 83891 --- [restartedMain] j.LocalContainerEntityManagerFactoryBean : Initialized JPA EntityManagerFactory for persistence unit 'default'
2019-04-02 00:59:27.893  INFO 83891 --- [restartedMain] o.s.b.d.a.OptionalLiveReloadServer       : LiveReload server is running on port 35729
2019-04-02 00:59:28.224 DEBUG 83891 --- [restartedMain] o.s.w.s.handler.SimpleUrlHandlerMapping  : Patterns [/**/favicon.ico] in 'faviconHandlerMapping'
2019-04-02 00:59:28.367  INFO 83891 --- [restartedMain] o.s.s.concurrent.ThreadPoolTaskExecutor  : Initializing ExecutorService 'applicationTaskExecutor'
2019-04-02 00:59:28.379 DEBUG 83891 --- [restartedMain] s.w.s.m.m.a.RequestMappingHandlerAdapter : ControllerAdvice beans: 0 @ModelAttribute, 0 @InitBinder, 1 RequestBodyAdvice, 1 ResponseBodyAdvice
2019-04-02 00:59:28.401  WARN 83891 --- [restartedMain] aWebConfiguration$JpaWebMvcConfiguration : spring.jpa.open-in-view is enabled by default. Therefore, database queries may be performed during view rendering. Explicitly configure spring.jpa.open-in-view to disable this warning
2019-04-02 00:59:28.440 DEBUG 83891 --- [restartedMain] s.w.s.m.m.a.RequestMappingHandlerMapping : 9 mappings in 'requestMappingHandlerMapping'
2019-04-02 00:59:28.453 DEBUG 83891 --- [restartedMain] o.s.w.s.handler.SimpleUrlHandlerMapping  : Patterns [/webjars/**, /**] in 'resourceHandlerMapping'
2019-04-02 00:59:28.462 DEBUG 83891 --- [restartedMain] .m.m.a.ExceptionHandlerExceptionResolver : ControllerAdvice beans: 0 @ExceptionHandler, 1 ResponseBodyAdvice
2019-04-02 00:59:28.686  INFO 83891 --- [restartedMain] o.s.b.a.e.web.EndpointLinksResolver      : Exposing 2 endpoint(s) beneath base path '/actuator'
2019-04-02 00:59:28.772  INFO 83891 --- [restartedMain] o.s.b.w.embedded.tomcat.TomcatWebServer  : Tomcat started on port(s): 8081 (http) with context path ''
2019-04-02 00:59:28.775  INFO 83891 --- [restartedMain] com.ssns.SsnsApplication                 : Started SsnsApplication in 5.692 seconds (JVM running for 6.645)
2019-04-02 00:59:29.186  INFO 83891 --- [RMI TCP Connection(3)-192.168.0.39] o.a.c.c.C.[Tomcat].[localhost].[/]       : Initializing Spring DispatcherServlet 'dispatcherServlet'
2019-04-02 00:59:29.186  INFO 83891 --- [RMI TCP Connection(3)-192.168.0.39] o.s.web.servlet.DispatcherServlet        : Initializing Servlet 'dispatcherServlet'
2019-04-02 00:59:29.187 DEBUG 83891 --- [RMI TCP Connection(3)-192.168.0.39] o.s.web.servlet.DispatcherServlet        : Detected StandardServletMultipartResolver
2019-04-02 00:59:29.196 DEBUG 83891 --- [RMI TCP Connection(3)-192.168.0.39] o.s.web.servlet.DispatcherServlet        : enableLoggingRequestDetails='false': request parameters and headers will be masked to prevent unsafe logging of potentially sensitive data
2019-04-02 00:59:29.197  INFO 83891 --- [RMI TCP Connection(3)-192.168.0.39] o.s.web.servlet.DispatcherServlet        : Completed initialization in 9 ms
